01:04:20.088 [main                     ] DEBUG GameApplication      - Logger initialized
01:04:20.109 [main                     ] DEBUG GameApplication      - Logging settings
Title: What Goes UP
Version: 0.0
Width: 740
Height: 800
Fullscreen: false
Intro: false
Menus: false
Profiling: false
Single step:false
App Mode: DEVELOPER
Menu Key: ESCAPE
Stage Style: DECORATED
Scene Factory: class com.almasb.fxgl.app.SceneFactory
Dialog Factory: class com.almasb.fxgl.ui.FXGLDialogFactory
UI Factory: class com.almasb.fxgl.ui.FXGLUIFactory

01:04:20.907 [JavaFX Application Thread] DEBUG Engine               - Initializing FXGL
01:04:20.919 [JavaFX Application Thread] INFO  Engine               - FXGL-11.2-beta on DESKTOP
01:04:20.920 [JavaFX Application Thread] INFO  Engine               - Source code and latest versions at: https://github.com/AlmasB/FXGL
01:04:20.921 [JavaFX Application Thread] INFO  Engine               -              Join the FXGL chat at: https://gitter.im/AlmasB/FXGL
01:04:20.927 [JavaFX Application Thread] DEBUG Engine               - Adding new engine service: class com.almasb.fxgl.audio.AudioPlayer
01:04:20.931 [JavaFX Application Thread] DEBUG Engine               - Adding new engine service: class com.almasb.fxgl.notification.impl.NotificationServiceProvider
01:04:20.932 [JavaFX Application Thread] DEBUG Engine               - Adding new engine service: class com.almasb.fxgl.achievement.AchievementManager
01:04:20.934 [JavaFX Application Thread] DEBUG Engine               - Adding new engine service: class com.almasb.fxgl.dev.DevService
01:04:20.962 [JavaFX Application Thread] DEBUG SaveLoadManager      - Checking profiles dir: profiles/
01:04:20.967 [JavaFX Application Thread] DEBUG FS                   - Loaded MobileFSService
01:04:20.967 [JavaFX Application Thread] DEBUG Engine               - Loading localizations
01:04:20.982 [JavaFX Application Thread] DEBUG AssetLoader          - Loading from disk: /assets/properties/languages/english.properties
01:04:20.987 [JavaFX Application Thread] DEBUG AssetLoader          - Loading from disk: /assets/properties/languages/french.properties
01:04:20.992 [JavaFX Application Thread] DEBUG AssetLoader          - Loading from disk: /assets/properties/languages/german.properties
01:04:20.998 [JavaFX Application Thread] DEBUG AssetLoader          - Loading from disk: /assets/properties/languages/russian.properties
01:04:21.002 [JavaFX Application Thread] DEBUG AssetLoader          - Loading from disk: /assets/properties/languages/hungarian.properties
01:04:21.007 [JavaFX Application Thread] DEBUG Engine               - Registering font factories
01:04:21.008 [JavaFX Application Thread] DEBUG AssetLoader          - Loading from disk: /assets/ui/fonts/VarelaRound-Regular.ttf
01:04:21.407 [JavaFX Application Thread] DEBUG AssetLoader          - Loading from disk: /assets/ui/fonts/Abel-Regular.ttf
01:04:21.434 [JavaFX Application Thread] DEBUG AssetLoader          - Loading from disk: /assets/ui/fonts/lucida_console.ttf
01:04:21.457 [JavaFX Application Thread] DEBUG AssetLoader          - Loading from disk: /assets/ui/fonts/Courier-Prime.ttf
01:04:21.478 [JavaFX Application Thread] DEBUG Engine               - Setting UI factory
01:04:21.671 [JavaFX Application Thread] DEBUG AssetLoader          - Loading from disk: /assets/ui/cursors/fxgl_default.png
01:04:21.860 [JavaFX Application Thread] DEBUG MainWindow           - Creating a JavaFX scene
01:04:22.019 [JavaFX Application Thread] DEBUG MainWindow           - Target settings size: 740.0 x 800.0
01:04:22.019 [JavaFX Application Thread] DEBUG MainWindow           - Scaled scene size:    740.0 x 800.0
01:04:22.019 [JavaFX Application Thread] DEBUG MainWindow           - Scaled ratio: (1.0, 1.0)
01:04:22.020 [JavaFX Application Thread] DEBUG AssetLoader          - Loading from disk: /assets/ui/css/fxgl_dark.css
01:04:22.021 [JavaFX Application Thread] DEBUG Input                - Clearing active input actions
01:04:22.022 [JavaFX Application Thread] DEBUG MainWindow           - StartupScene -> StartupScene
01:04:22.036 [JavaFX Application Thread] DEBUG AssetLoader          - Loading from disk: /assets/textures/fxgl_icon.png
01:04:22.102 [JavaFX Application Thread] DEBUG MainWindow           - Opening main window
01:04:22.426 [JavaFX Application Thread] DEBUG MainWindow           - Window border size: (14.4000244140625, 37.5999755859375)
01:04:22.427 [JavaFX Application Thread] DEBUG MainWindow           - Scaled size: 740.0 x 800.0
01:04:22.427 [JavaFX Application Thread] DEBUG MainWindow           - Scaled ratio: (1.0, 1.0)
01:04:22.427 [JavaFX Application Thread] DEBUG MainWindow           - Scene size: 740.0 x 800.0
01:04:22.427 [JavaFX Application Thread] DEBUG MainWindow           - Stage size: 754.4000244140625 x 837.5999755859375
01:04:22.486 [FXGL Background Thread 1 ] DEBUG Engine               - Loading FXGL system data
01:04:22.493 [FXGL Background Thread 1 ] DEBUG MobileFSService      - Reading from: C:\Users\Gadgeats Technology\Documents\IdeaProjects\system\fxgl.bundle
01:04:22.515 [FXGL Background Thread 1 ] DEBUG Engine               - Bundle FXGL: {}
01:04:22.515 [FXGL Background Thread 1 ] DEBUG Engine               - Initializing application scenes
01:04:22.517 [FXGL Background Thread 1 ] DEBUG AssetLoader          - Loading from disk: /assets/ui/cursors/fxgl_default.png
01:04:22.562 [FXGL Background Thread 1 ] DEBUG GameWorld            - Game world initialized
01:04:22.672 [FXGL Background Thread 1 ] DEBUG PhysicsWorld         - Physics world initialized: appHeight=800, physics.ppm=50.0
01:04:22.674 [FXGL Background Thread 1 ] DEBUG AssetLoader          - Loading from disk: /assets/ui/cursors/fxgl_default.png
01:04:22.678 [FXGL Background Thread 1 ] DEBUG GameScene            - Game scene initialized: 740x800
01:04:22.756 [FXGL Background Thread 1 ] DEBUG Input                - Registered new binding: Pause - Esc
01:04:22.757 [FXGL Background Thread 1 ] DEBUG Engine               - Application scenes initialized
01:04:22.763 [JavaFX Application Thread] DEBUG Engine               - Running preInit()
01:04:22.765 [JavaFX Application Thread] DEBUG Input                - Registered new binding: Screenshot - P
01:04:22.766 [JavaFX Application Thread] DEBUG Input                - Registered new binding: Dev Options - 1
01:04:22.767 [JavaFX Application Thread] DEBUG Input                - Registered new binding: System info dump - CTRL+9
01:04:22.767 [JavaFX Application Thread] DEBUG Input                - Registered new binding: Restart - CTRL+R
01:04:22.767 [JavaFX Application Thread] DEBUG Engine               - generateDefaultProfile()
01:04:22.768 [JavaFX Application Thread] DEBUG Engine               - Creating default profile
01:04:22.768 [JavaFX Application Thread] DEBUG EventBus             - Firing event: SaveEvent
01:04:22.788 [JavaFX Application Thread] DEBUG Engine               - Logging environment variables
01:04:22.788 [JavaFX Application Thread] DEBUG Engine               - achievementStores: []
01:04:22.789 [JavaFX Application Thread] DEBUG Engine               - cSS: fxgl_dark.css
01:04:22.789 [JavaFX Application Thread] DEBUG Engine               - language: ObjectProperty [value: ENGLISH]
01:04:22.789 [JavaFX Application Thread] DEBUG Engine               - isCloseConfirmation: false
01:04:22.789 [JavaFX Application Thread] DEBUG Engine               - isProfilingEnabled: false
01:04:22.789 [JavaFX Application Thread] DEBUG Engine               - soundNotification: core/notification.wav
01:04:22.790 [JavaFX Application Thread] DEBUG Engine               - pixelsPerMeter: 50.0
01:04:22.790 [JavaFX Application Thread] DEBUG Engine               - overlayRoot: Group@324ce763
01:04:22.790 [JavaFX Application Thread] DEBUG Engine               - soundMenuBack: menu/back.wav
01:04:22.790 [JavaFX Application Thread] DEBUG Engine               - appIcon: fxgl_icon.png
01:04:22.790 [JavaFX Application Thread] DEBUG Engine               - isFullScreenAllowed: false
01:04:22.790 [JavaFX Application Thread] DEBUG Engine               - isIntroEnabled: false
01:04:22.791 [JavaFX Application Thread] DEBUG Engine               - fontMono: lucida_console.ttf
01:04:22.791 [JavaFX Application Thread] DEBUG Engine               - soundMenuSelect: menu/select.wav
01:04:22.791 [JavaFX Application Thread] DEBUG Engine               - height: 800
01:04:22.791 [JavaFX Application Thread] DEBUG Engine               - isSingleStep: false
01:04:22.791 [JavaFX Application Thread] DEBUG Engine               - fontGame: Abel-Regular.ttf
01:04:22.791 [JavaFX Application Thread] DEBUG Engine               - menuKey: ESCAPE
01:04:22.791 [JavaFX Application Thread] DEBUG Engine               - versionCheckDays: 7
01:04:22.792 [JavaFX Application Thread] DEBUG Engine               - masterTimer: com.almasb.fxgl.time.Timer@2bf54a9
01:04:22.792 [JavaFX Application Thread] DEBUG Engine               - configClass: Optional.empty
01:04:22.792 [JavaFX Application Thread] DEBUG Engine               - version: 0.0
01:04:22.792 [JavaFX Application Thread] DEBUG Engine               - fullScreen: BooleanProperty [value: false]
01:04:22.792 [JavaFX Application Thread] DEBUG Engine               - dialogFactory: com.almasb.fxgl.ui.FXGLDialogFactory@1b45253e
01:04:22.792 [JavaFX Application Thread] DEBUG Engine               - applicationMode: DEVELOPER
01:04:22.793 [JavaFX Application Thread] DEBUG Engine               - urlGoogleForms: https://goo.gl/forms/6wrMnOBxTE1fEpOy2
01:04:22.793 [JavaFX Application Thread] DEBUG Engine               - isMenuEnabled: false
01:04:22.793 [JavaFX Application Thread] DEBUG Engine               - profileName: user.profile
01:04:22.793 [JavaFX Application Thread] DEBUG Engine               - urlPOM: https://raw.githubusercontent.com/AlmasB/FXGL/master/pom.xml
01:04:22.793 [JavaFX Application Thread] DEBUG Engine               - notificationViewClass: class com.almasb.fxgl.notification.view.XboxNotificationView
01:04:22.793 [JavaFX Application Thread] DEBUG Engine               - sceneFactory: com.almasb.fxgl.app.SceneFactory@65f375b9
01:04:22.793 [JavaFX Application Thread] DEBUG Engine               - dataFileExt: .dat
01:04:22.793 [JavaFX Application Thread] DEBUG Engine               - stageStyle: DECORATED
01:04:22.793 [JavaFX Application Thread] DEBUG Engine               - isManualResizeEnabled: false
01:04:22.794 [JavaFX Application Thread] DEBUG Engine               - title: What Goes UP
01:04:22.794 [JavaFX Application Thread] DEBUG Engine               - credits: []
01:04:22.794 [JavaFX Application Thread] DEBUG Engine               - uIFactory: com.almasb.fxgl.ui.FXGLUIFactory@41299e15
01:04:22.794 [JavaFX Application Thread] DEBUG Engine               - fontText: Courier-Prime.ttf
01:04:22.794 [JavaFX Application Thread] DEBUG Engine               - isExperimentalTiledLargeMap: false
01:04:22.794 [JavaFX Application Thread] DEBUG Engine               - secondsIn24h: 60
01:04:22.794 [JavaFX Application Thread] DEBUG Engine               - soundMenuPress: menu/press.wav
01:04:22.795 [JavaFX Application Thread] DEBUG Engine               - urlGithub: https://github.com/AlmasB/FXGL
01:04:22.795 [JavaFX Application Thread] DEBUG Engine               - profileDir: profiles/
01:04:22.795 [JavaFX Application Thread] DEBUG Engine               - urlLeaderboard: http://fxgl-top.herokuapp.com/
01:04:22.795 [JavaFX Application Thread] DEBUG Engine               - saveDir: saves/
01:04:22.795 [JavaFX Application Thread] DEBUG Engine               - engineServices: [class com.almasb.fxgl.audio.AudioPlayer, class com.almasb.fxgl.notification.impl.NotificationServiceProvider, class com.almasb.fxgl.achievement.AchievementManager]
01:04:22.795 [JavaFX Application Thread] DEBUG Engine               - width: 740
01:04:22.796 [JavaFX Application Thread] DEBUG Engine               - saveFileExt: .sav
01:04:22.796 [JavaFX Application Thread] DEBUG Engine               - fontUI: VarelaRound-Regular.ttf
01:04:22.796 [JavaFX Application Thread] DEBUG Engine               - enabledMenuItems: []
01:04:22.816 [JavaFX Application Thread] INFO  Engine               - FXGL initialization took: 1.847 sec
01:04:22.816 [JavaFX Application Thread] DEBUG LoopRunner           - Starting loop
01:04:22.826 [JavaFX Application Thread] DEBUG StartupScene         - STARTUP
01:04:22.826 [JavaFX Application Thread] DEBUG Engine               - Starting new game
01:04:22.827 [JavaFX Application Thread] DEBUG AssetLoader          - Loading from disk: /assets/ui/css/fxgl_dark.css
01:04:22.827 [JavaFX Application Thread] DEBUG Input                - Clearing active input actions
01:04:22.848 [JavaFX Application Thread] DEBUG MainWindow           - StartupScene -> LoadingScene
01:04:22.857 [JavaFX Application Thread] DEBUG Engine               - Removing overlay from StartupScene and adding to LoadingScene
01:04:22.857 [FXGL Background Thread 1 ] DEBUG InitAppTask          - Clearing previous game
01:04:22.858 [FXGL Background Thread 1 ] DEBUG GameWorld            - Clearing game world
01:04:22.858 [FXGL Background Thread 1 ] DEBUG PhysicsWorld         - Clearing physics world
01:04:22.858 [FXGL Background Thread 1 ] DEBUG GameScene            - Clearing game scene
01:04:22.858 [FXGL Background Thread 1 ] DEBUG InitAppTask          - Initializing Game
01:04:22.861 [FXGL Background Thread 1 ] DEBUG AssetLoader          - Loading from disk: /assets/textures/background.png
01:04:22.969 [FXGL Background Thread 1 ] DEBUG AssetLoader          - Loading from disk: /assets/textures/Untitled-4.png
01:04:22.977 [FXGL Background Thread 1 ] DEBUG InitAppTask          - Initializing Physics
01:04:22.977 [FXGL Background Thread 1 ] DEBUG InitAppTask          - Initializing UI
01:04:22.977 [FXGL Background Thread 1 ] DEBUG InitAppTask          - Initialization Complete
01:04:22.979 [FXGL Background Thread 1 ] INFO  InitAppTask          - Game initialization took: 0.121 sec
01:04:23.061 [JavaFX Application Thread] DEBUG AssetLoader          - Loading from disk: /assets/ui/css/fxgl_dark.css
01:04:23.062 [JavaFX Application Thread] DEBUG Input                - Clearing active input actions
01:04:23.082 [JavaFX Application Thread] DEBUG MainWindow           - LoadingScene -> GameScene
01:04:23.082 [JavaFX Application Thread] DEBUG Engine               - Removing overlay from LoadingScene and adding to GameScene
01:04:27.686 [JavaFX Application Thread] DEBUG Engine               - Exiting FXGL
01:04:27.686 [JavaFX Application Thread] DEBUG Engine               - Shutting down background threads
01:04:27.687 [JavaFX Application Thread] DEBUG Engine               - Saving FXGL system data
01:04:27.690 [JavaFX Application Thread] DEBUG MobileFSService      - Writing to: C:\Users\Gadgeats Technology\Documents\IdeaProjects\system\fxgl.bundle
01:04:27.693 [JavaFX Application Thread] DEBUG Engine               - Closing logger and exiting JavaFX
