14:07:13.293 [main                     ] DEBUG GameApplication      - Logger initialized
14:07:13.315 [main                     ] DEBUG GameApplication      - Logging settings
Title: What Goes UP
Version: 0.0
Width: 1480
Height: 800
Fullscreen: false
Intro: false
Menus: false
Profiling: false
Single step:false
App Mode: DEVELOPER
Menu Key: ESCAPE
Stage Style: DECORATED
Scene Factory: class com.almasb.fxgl.app.SceneFactory
Dialog Factory: class com.almasb.fxgl.ui.FXGLDialogFactory
UI Factory: class com.almasb.fxgl.ui.FXGLUIFactory

14:07:14.070 [JavaFX Application Thread] DEBUG Engine               - Initializing FXGL
14:07:14.081 [JavaFX Application Thread] INFO  Engine               - FXGL-11.2-beta on DESKTOP
14:07:14.081 [JavaFX Application Thread] INFO  Engine               - Source code and latest versions at: https://github.com/AlmasB/FXGL
14:07:14.082 [JavaFX Application Thread] INFO  Engine               -              Join the FXGL chat at: https://gitter.im/AlmasB/FXGL
14:07:14.088 [JavaFX Application Thread] DEBUG Engine               - Adding new engine service: class com.almasb.fxgl.audio.AudioPlayer
14:07:14.090 [JavaFX Application Thread] DEBUG Engine               - Adding new engine service: class com.almasb.fxgl.notification.impl.NotificationServiceProvider
14:07:14.092 [JavaFX Application Thread] DEBUG Engine               - Adding new engine service: class com.almasb.fxgl.achievement.AchievementManager
14:07:14.093 [JavaFX Application Thread] DEBUG Engine               - Adding new engine service: class com.almasb.fxgl.dev.DevService
14:07:14.119 [JavaFX Application Thread] DEBUG SaveLoadManager      - Checking profiles dir: profiles/
14:07:14.123 [JavaFX Application Thread] DEBUG FS                   - Loaded MobileFSService
14:07:14.123 [JavaFX Application Thread] DEBUG Engine               - Loading localizations
14:07:14.136 [JavaFX Application Thread] DEBUG AssetLoader          - Loading from disk: /assets/properties/languages/english.properties
14:07:14.141 [JavaFX Application Thread] DEBUG AssetLoader          - Loading from disk: /assets/properties/languages/french.properties
14:07:14.144 [JavaFX Application Thread] DEBUG AssetLoader          - Loading from disk: /assets/properties/languages/german.properties
14:07:14.147 [JavaFX Application Thread] DEBUG AssetLoader          - Loading from disk: /assets/properties/languages/russian.properties
14:07:14.150 [JavaFX Application Thread] DEBUG AssetLoader          - Loading from disk: /assets/properties/languages/hungarian.properties
14:07:14.154 [JavaFX Application Thread] DEBUG Engine               - Registering font factories
14:07:14.155 [JavaFX Application Thread] DEBUG AssetLoader          - Loading from disk: /assets/ui/fonts/VarelaRound-Regular.ttf
14:07:14.468 [JavaFX Application Thread] DEBUG AssetLoader          - Loading from disk: /assets/ui/fonts/Abel-Regular.ttf
14:07:14.482 [JavaFX Application Thread] DEBUG AssetLoader          - Loading from disk: /assets/ui/fonts/lucida_console.ttf
14:07:14.503 [JavaFX Application Thread] DEBUG AssetLoader          - Loading from disk: /assets/ui/fonts/Courier-Prime.ttf
14:07:14.518 [JavaFX Application Thread] DEBUG Engine               - Setting UI factory
14:07:14.659 [JavaFX Application Thread] DEBUG AssetLoader          - Loading from disk: /assets/ui/cursors/fxgl_default.png
14:07:14.797 [JavaFX Application Thread] DEBUG MainWindow           - Creating a JavaFX scene
14:07:14.898 [JavaFX Application Thread] DEBUG MainWindow           - Target settings size: 1480.0 x 800.0
14:07:14.898 [JavaFX Application Thread] DEBUG MainWindow           - Scaled scene size:    1480.0 x 800.0
14:07:14.898 [JavaFX Application Thread] DEBUG MainWindow           - Scaled ratio: (1.0, 1.0)
14:07:14.899 [JavaFX Application Thread] DEBUG AssetLoader          - Loading from disk: /assets/ui/css/fxgl_dark.css
14:07:14.901 [JavaFX Application Thread] DEBUG Input                - Clearing active input actions
14:07:14.901 [JavaFX Application Thread] DEBUG MainWindow           - StartupScene -> StartupScene
14:07:14.904 [JavaFX Application Thread] DEBUG AssetLoader          - Loading from disk: /assets/textures/fxgl_icon.png
14:07:14.947 [JavaFX Application Thread] DEBUG MainWindow           - Opening main window
14:07:15.240 [JavaFX Application Thread] DEBUG MainWindow           - Window border size: (14.4000244140625, 37.5999755859375)
14:07:15.240 [JavaFX Application Thread] DEBUG MainWindow           - Scaled size: 1480.0 x 800.0
14:07:15.240 [JavaFX Application Thread] DEBUG MainWindow           - Scaled ratio: (1.0, 1.0)
14:07:15.240 [JavaFX Application Thread] DEBUG MainWindow           - Scene size: 1480.0 x 800.0
14:07:15.241 [JavaFX Application Thread] DEBUG MainWindow           - Stage size: 1494.4000244140625 x 837.5999755859375
14:07:15.382 [FXGL Background Thread 1 ] DEBUG Engine               - Loading FXGL system data
14:07:15.389 [FXGL Background Thread 1 ] DEBUG MobileFSService      - Reading from: C:\Users\Gadgeats Technology\Documents\IdeaProjects\system\fxgl.bundle
14:07:15.413 [FXGL Background Thread 1 ] DEBUG Engine               - Bundle FXGL: {}
14:07:15.413 [FXGL Background Thread 1 ] DEBUG Engine               - Initializing application scenes
14:07:15.415 [FXGL Background Thread 1 ] DEBUG AssetLoader          - Loading from disk: /assets/ui/cursors/fxgl_default.png
14:07:15.439 [FXGL Background Thread 1 ] DEBUG GameWorld            - Game world initialized
14:07:15.584 [FXGL Background Thread 1 ] DEBUG PhysicsWorld         - Physics world initialized: appHeight=800, physics.ppm=50.0
14:07:15.586 [FXGL Background Thread 1 ] DEBUG AssetLoader          - Loading from disk: /assets/ui/cursors/fxgl_default.png
14:07:15.590 [FXGL Background Thread 1 ] DEBUG GameScene            - Game scene initialized: 1480x800
14:07:15.676 [FXGL Background Thread 1 ] DEBUG Input                - Registered new binding: Pause - Esc
14:07:15.677 [FXGL Background Thread 1 ] DEBUG Engine               - Application scenes initialized
14:07:15.682 [JavaFX Application Thread] DEBUG Engine               - Running preInit()
14:07:15.684 [JavaFX Application Thread] DEBUG Input                - Registered new binding: Screenshot - P
14:07:15.684 [JavaFX Application Thread] DEBUG Input                - Registered new binding: Dev Options - 1
14:07:15.685 [JavaFX Application Thread] DEBUG Input                - Registered new binding: System info dump - CTRL+9
14:07:15.686 [JavaFX Application Thread] DEBUG Input                - Registered new binding: Restart - CTRL+R
14:07:15.686 [JavaFX Application Thread] DEBUG Engine               - generateDefaultProfile()
14:07:15.687 [JavaFX Application Thread] DEBUG Engine               - Creating default profile
14:07:15.687 [JavaFX Application Thread] DEBUG EventBus             - Firing event: SaveEvent
14:07:15.704 [JavaFX Application Thread] DEBUG Engine               - Logging environment variables
14:07:15.704 [JavaFX Application Thread] DEBUG Engine               - achievementStores: []
14:07:15.705 [JavaFX Application Thread] DEBUG Engine               - cSS: fxgl_dark.css
14:07:15.705 [JavaFX Application Thread] DEBUG Engine               - language: ObjectProperty [value: ENGLISH]
14:07:15.705 [JavaFX Application Thread] DEBUG Engine               - isCloseConfirmation: false
14:07:15.705 [JavaFX Application Thread] DEBUG Engine               - isProfilingEnabled: false
14:07:15.706 [JavaFX Application Thread] DEBUG Engine               - soundNotification: core/notification.wav
14:07:15.706 [JavaFX Application Thread] DEBUG Engine               - pixelsPerMeter: 50.0
14:07:15.706 [JavaFX Application Thread] DEBUG Engine               - overlayRoot: Group@324ce763
14:07:15.706 [JavaFX Application Thread] DEBUG Engine               - soundMenuBack: menu/back.wav
14:07:15.706 [JavaFX Application Thread] DEBUG Engine               - appIcon: fxgl_icon.png
14:07:15.707 [JavaFX Application Thread] DEBUG Engine               - isFullScreenAllowed: false
14:07:15.707 [JavaFX Application Thread] DEBUG Engine               - isIntroEnabled: false
14:07:15.707 [JavaFX Application Thread] DEBUG Engine               - fontMono: lucida_console.ttf
14:07:15.707 [JavaFX Application Thread] DEBUG Engine               - soundMenuSelect: menu/select.wav
14:07:15.707 [JavaFX Application Thread] DEBUG Engine               - height: 800
14:07:15.707 [JavaFX Application Thread] DEBUG Engine               - isSingleStep: false
14:07:15.708 [JavaFX Application Thread] DEBUG Engine               - fontGame: Abel-Regular.ttf
14:07:15.708 [JavaFX Application Thread] DEBUG Engine               - menuKey: ESCAPE
14:07:15.708 [JavaFX Application Thread] DEBUG Engine               - versionCheckDays: 7
14:07:15.708 [JavaFX Application Thread] DEBUG Engine               - masterTimer: com.almasb.fxgl.time.Timer@2bf54a9
14:07:15.708 [JavaFX Application Thread] DEBUG Engine               - configClass: Optional.empty
14:07:15.708 [JavaFX Application Thread] DEBUG Engine               - version: 0.0
14:07:15.709 [JavaFX Application Thread] DEBUG Engine               - fullScreen: BooleanProperty [value: false]
14:07:15.709 [JavaFX Application Thread] DEBUG Engine               - dialogFactory: com.almasb.fxgl.ui.FXGLDialogFactory@1b45253e
14:07:15.709 [JavaFX Application Thread] DEBUG Engine               - applicationMode: DEVELOPER
14:07:15.709 [JavaFX Application Thread] DEBUG Engine               - urlGoogleForms: https://goo.gl/forms/6wrMnOBxTE1fEpOy2
14:07:15.709 [JavaFX Application Thread] DEBUG Engine               - isMenuEnabled: false
14:07:15.709 [JavaFX Application Thread] DEBUG Engine               - profileName: user.profile
14:07:15.710 [JavaFX Application Thread] DEBUG Engine               - urlPOM: https://raw.githubusercontent.com/AlmasB/FXGL/master/pom.xml
14:07:15.710 [JavaFX Application Thread] DEBUG Engine               - notificationViewClass: class com.almasb.fxgl.notification.view.XboxNotificationView
14:07:15.710 [JavaFX Application Thread] DEBUG Engine               - sceneFactory: com.almasb.fxgl.app.SceneFactory@65f375b9
14:07:15.710 [JavaFX Application Thread] DEBUG Engine               - dataFileExt: .dat
14:07:15.710 [JavaFX Application Thread] DEBUG Engine               - stageStyle: DECORATED
14:07:15.710 [JavaFX Application Thread] DEBUG Engine               - isManualResizeEnabled: false
14:07:15.710 [JavaFX Application Thread] DEBUG Engine               - title: What Goes UP
14:07:15.711 [JavaFX Application Thread] DEBUG Engine               - credits: []
14:07:15.711 [JavaFX Application Thread] DEBUG Engine               - uIFactory: com.almasb.fxgl.ui.FXGLUIFactory@41299e15
14:07:15.711 [JavaFX Application Thread] DEBUG Engine               - fontText: Courier-Prime.ttf
14:07:15.711 [JavaFX Application Thread] DEBUG Engine               - isExperimentalTiledLargeMap: false
14:07:15.711 [JavaFX Application Thread] DEBUG Engine               - secondsIn24h: 60
14:07:15.711 [JavaFX Application Thread] DEBUG Engine               - soundMenuPress: menu/press.wav
14:07:15.712 [JavaFX Application Thread] DEBUG Engine               - urlGithub: https://github.com/AlmasB/FXGL
14:07:15.712 [JavaFX Application Thread] DEBUG Engine               - profileDir: profiles/
14:07:15.712 [JavaFX Application Thread] DEBUG Engine               - urlLeaderboard: http://fxgl-top.herokuapp.com/
14:07:15.712 [JavaFX Application Thread] DEBUG Engine               - saveDir: saves/
14:07:15.712 [JavaFX Application Thread] DEBUG Engine               - engineServices: [class com.almasb.fxgl.audio.AudioPlayer, class com.almasb.fxgl.notification.impl.NotificationServiceProvider, class com.almasb.fxgl.achievement.AchievementManager]
14:07:15.713 [JavaFX Application Thread] DEBUG Engine               - width: 1480
14:07:15.713 [JavaFX Application Thread] DEBUG Engine               - saveFileExt: .sav
14:07:15.713 [JavaFX Application Thread] DEBUG Engine               - fontUI: VarelaRound-Regular.ttf
14:07:15.713 [JavaFX Application Thread] DEBUG Engine               - enabledMenuItems: []
14:07:15.732 [JavaFX Application Thread] INFO  Engine               - FXGL initialization took: 1.609 sec
14:07:15.733 [JavaFX Application Thread] DEBUG LoopRunner           - Starting loop
14:07:15.744 [JavaFX Application Thread] DEBUG StartupScene         - STARTUP
14:07:15.744 [JavaFX Application Thread] DEBUG Engine               - Starting new game
14:07:15.744 [JavaFX Application Thread] DEBUG AssetLoader          - Loading from disk: /assets/ui/css/fxgl_dark.css
14:07:15.745 [JavaFX Application Thread] DEBUG Input                - Clearing active input actions
14:07:15.760 [JavaFX Application Thread] DEBUG MainWindow           - StartupScene -> LoadingScene
14:07:15.770 [JavaFX Application Thread] DEBUG Engine               - Removing overlay from StartupScene and adding to LoadingScene
14:07:15.771 [FXGL Background Thread 1 ] DEBUG InitAppTask          - Clearing previous game
14:07:15.771 [FXGL Background Thread 1 ] DEBUG GameWorld            - Clearing game world
14:07:15.771 [FXGL Background Thread 1 ] DEBUG PhysicsWorld         - Clearing physics world
14:07:15.771 [FXGL Background Thread 1 ] DEBUG GameScene            - Clearing game scene
14:07:15.771 [FXGL Background Thread 1 ] DEBUG InitAppTask          - Initializing Game
14:07:15.774 [FXGL Background Thread 1 ] DEBUG AssetLoader          - Loading from disk: /assets/textures/background.png
14:07:15.939 [FXGL Background Thread 1 ] DEBUG AssetLoader          - Loading from disk: /assets/textures/Untitled-3.png
14:07:15.944 [FXGL Background Thread 1 ] DEBUG InitAppTask          - Initializing Physics
14:07:15.944 [FXGL Background Thread 1 ] DEBUG InitAppTask          - Initializing UI
14:07:15.944 [FXGL Background Thread 1 ] DEBUG InitAppTask          - Initialization Complete
14:07:15.944 [FXGL Background Thread 1 ] INFO  InitAppTask          - Game initialization took: 0.174 sec
14:07:16.014 [JavaFX Application Thread] DEBUG AssetLoader          - Loading from disk: /assets/ui/css/fxgl_dark.css
14:07:16.015 [JavaFX Application Thread] DEBUG Input                - Clearing active input actions
14:07:16.029 [JavaFX Application Thread] DEBUG MainWindow           - LoadingScene -> GameScene
14:07:16.029 [JavaFX Application Thread] DEBUG Engine               - Removing overlay from LoadingScene and adding to GameScene
14:07:39.746 [JavaFX Application Thread] DEBUG Engine               - Exiting FXGL
14:07:39.746 [JavaFX Application Thread] DEBUG Engine               - Shutting down background threads
14:07:39.746 [JavaFX Application Thread] DEBUG Engine               - Saving FXGL system data
14:07:39.749 [JavaFX Application Thread] DEBUG MobileFSService      - Writing to: C:\Users\Gadgeats Technology\Documents\IdeaProjects\system\fxgl.bundle
14:07:39.752 [JavaFX Application Thread] DEBUG Engine               - Closing logger and exiting JavaFX
