13:09:30.198 [main                     ] DEBUG GameApplication      - Logger initialized
13:09:30.219 [main                     ] DEBUG GameApplication      - Logging settings
Title: What Goes UP
Version: 0.0
Width: 1480
Height: 800
Fullscreen: false
Intro: false
Menus: false
Profiling: false
Single step:false
App Mode: DEVELOPER
Menu Key: ESCAPE
Stage Style: DECORATED
Scene Factory: class com.almasb.fxgl.app.SceneFactory
Dialog Factory: class com.almasb.fxgl.ui.FXGLDialogFactory
UI Factory: class com.almasb.fxgl.ui.FXGLUIFactory

13:09:30.935 [JavaFX Application Thread] DEBUG Engine               - Initializing FXGL
13:09:30.945 [JavaFX Application Thread] INFO  Engine               - FXGL-11.2-beta on DESKTOP
13:09:30.945 [JavaFX Application Thread] INFO  Engine               - Source code and latest versions at: https://github.com/AlmasB/FXGL
13:09:30.946 [JavaFX Application Thread] INFO  Engine               -              Join the FXGL chat at: https://gitter.im/AlmasB/FXGL
13:09:30.954 [JavaFX Application Thread] DEBUG Engine               - Adding new engine service: class com.almasb.fxgl.audio.AudioPlayer
13:09:30.956 [JavaFX Application Thread] DEBUG Engine               - Adding new engine service: class com.almasb.fxgl.notification.impl.NotificationServiceProvider
13:09:30.957 [JavaFX Application Thread] DEBUG Engine               - Adding new engine service: class com.almasb.fxgl.achievement.AchievementManager
13:09:30.959 [JavaFX Application Thread] DEBUG Engine               - Adding new engine service: class com.almasb.fxgl.dev.DevService
13:09:30.985 [JavaFX Application Thread] DEBUG SaveLoadManager      - Checking profiles dir: profiles/
13:09:30.989 [JavaFX Application Thread] DEBUG FS                   - Loaded MobileFSService
13:09:30.989 [JavaFX Application Thread] DEBUG Engine               - Loading localizations
13:09:31.001 [JavaFX Application Thread] DEBUG AssetLoader          - Loading from disk: /assets/properties/languages/english.properties
13:09:31.006 [JavaFX Application Thread] DEBUG AssetLoader          - Loading from disk: /assets/properties/languages/french.properties
13:09:31.009 [JavaFX Application Thread] DEBUG AssetLoader          - Loading from disk: /assets/properties/languages/german.properties
13:09:31.012 [JavaFX Application Thread] DEBUG AssetLoader          - Loading from disk: /assets/properties/languages/russian.properties
13:09:31.015 [JavaFX Application Thread] DEBUG AssetLoader          - Loading from disk: /assets/properties/languages/hungarian.properties
13:09:31.019 [JavaFX Application Thread] DEBUG Engine               - Registering font factories
13:09:31.020 [JavaFX Application Thread] DEBUG AssetLoader          - Loading from disk: /assets/ui/fonts/VarelaRound-Regular.ttf
13:09:31.367 [JavaFX Application Thread] DEBUG AssetLoader          - Loading from disk: /assets/ui/fonts/Abel-Regular.ttf
13:09:31.385 [JavaFX Application Thread] DEBUG AssetLoader          - Loading from disk: /assets/ui/fonts/lucida_console.ttf
13:09:31.404 [JavaFX Application Thread] DEBUG AssetLoader          - Loading from disk: /assets/ui/fonts/Courier-Prime.ttf
13:09:31.420 [JavaFX Application Thread] DEBUG Engine               - Setting UI factory
13:09:31.548 [JavaFX Application Thread] DEBUG AssetLoader          - Loading from disk: /assets/ui/cursors/fxgl_default.png
13:09:31.692 [JavaFX Application Thread] DEBUG MainWindow           - Creating a JavaFX scene
13:09:31.793 [JavaFX Application Thread] DEBUG MainWindow           - Target settings size: 1480.0 x 800.0
13:09:31.793 [JavaFX Application Thread] DEBUG MainWindow           - Scaled scene size:    1480.0 x 800.0
13:09:31.793 [JavaFX Application Thread] DEBUG MainWindow           - Scaled ratio: (1.0, 1.0)
13:09:31.795 [JavaFX Application Thread] DEBUG AssetLoader          - Loading from disk: /assets/ui/css/fxgl_dark.css
13:09:31.796 [JavaFX Application Thread] DEBUG Input                - Clearing active input actions
13:09:31.797 [JavaFX Application Thread] DEBUG MainWindow           - StartupScene -> StartupScene
13:09:31.800 [JavaFX Application Thread] DEBUG AssetLoader          - Loading from disk: /assets/textures/fxgl_icon.png
13:09:31.839 [JavaFX Application Thread] DEBUG MainWindow           - Opening main window
13:09:32.149 [JavaFX Application Thread] DEBUG MainWindow           - Window border size: (14.4000244140625, 37.5999755859375)
13:09:32.149 [JavaFX Application Thread] DEBUG MainWindow           - Scaled size: 1480.0 x 800.0
13:09:32.150 [JavaFX Application Thread] DEBUG MainWindow           - Scaled ratio: (1.0, 1.0)
13:09:32.150 [JavaFX Application Thread] DEBUG MainWindow           - Scene size: 1480.0 x 800.0
13:09:32.150 [JavaFX Application Thread] DEBUG MainWindow           - Stage size: 1494.4000244140625 x 837.5999755859375
13:09:32.196 [FXGL Background Thread 1 ] DEBUG Engine               - Loading FXGL system data
13:09:32.204 [FXGL Background Thread 1 ] DEBUG MobileFSService      - Reading from: C:\Users\Gadgeats Technology\Documents\IdeaProjects\system\fxgl.bundle
13:09:32.222 [FXGL Background Thread 1 ] DEBUG Engine               - Bundle FXGL: {}
13:09:32.223 [FXGL Background Thread 1 ] DEBUG Engine               - Initializing application scenes
13:09:32.228 [FXGL Background Thread 1 ] DEBUG AssetLoader          - Loading from disk: /assets/ui/cursors/fxgl_default.png
13:09:32.280 [FXGL Background Thread 1 ] DEBUG GameWorld            - Game world initialized
13:09:32.418 [FXGL Background Thread 1 ] DEBUG PhysicsWorld         - Physics world initialized: appHeight=800, physics.ppm=50.0
13:09:32.419 [FXGL Background Thread 1 ] DEBUG AssetLoader          - Loading from disk: /assets/ui/cursors/fxgl_default.png
13:09:32.424 [FXGL Background Thread 1 ] DEBUG GameScene            - Game scene initialized: 1480x800
13:09:32.488 [FXGL Background Thread 1 ] DEBUG Input                - Registered new binding: Pause - Esc
13:09:32.489 [FXGL Background Thread 1 ] DEBUG Engine               - Application scenes initialized
13:09:32.494 [JavaFX Application Thread] DEBUG Engine               - Running preInit()
13:09:32.495 [JavaFX Application Thread] DEBUG Input                - Registered new binding: Screenshot - P
13:09:32.497 [JavaFX Application Thread] DEBUG Input                - Registered new binding: Dev Options - 1
13:09:32.497 [JavaFX Application Thread] DEBUG Input                - Registered new binding: System info dump - CTRL+9
13:09:32.498 [JavaFX Application Thread] DEBUG Input                - Registered new binding: Restart - CTRL+R
13:09:32.498 [JavaFX Application Thread] DEBUG Engine               - generateDefaultProfile()
13:09:32.498 [JavaFX Application Thread] DEBUG Engine               - Creating default profile
13:09:32.499 [JavaFX Application Thread] DEBUG EventBus             - Firing event: SaveEvent
13:09:32.517 [JavaFX Application Thread] DEBUG Engine               - Logging environment variables
13:09:32.518 [JavaFX Application Thread] DEBUG Engine               - achievementStores: []
13:09:32.518 [JavaFX Application Thread] DEBUG Engine               - cSS: fxgl_dark.css
13:09:32.518 [JavaFX Application Thread] DEBUG Engine               - language: ObjectProperty [value: ENGLISH]
13:09:32.518 [JavaFX Application Thread] DEBUG Engine               - isCloseConfirmation: false
13:09:32.518 [JavaFX Application Thread] DEBUG Engine               - isProfilingEnabled: false
13:09:32.519 [JavaFX Application Thread] DEBUG Engine               - soundNotification: core/notification.wav
13:09:32.519 [JavaFX Application Thread] DEBUG Engine               - pixelsPerMeter: 50.0
13:09:32.519 [JavaFX Application Thread] DEBUG Engine               - overlayRoot: Group@324ce763
13:09:32.519 [JavaFX Application Thread] DEBUG Engine               - appIcon: fxgl_icon.png
13:09:32.519 [JavaFX Application Thread] DEBUG Engine               - soundMenuBack: menu/back.wav
13:09:32.520 [JavaFX Application Thread] DEBUG Engine               - isFullScreenAllowed: false
13:09:32.520 [JavaFX Application Thread] DEBUG Engine               - isIntroEnabled: false
13:09:32.520 [JavaFX Application Thread] DEBUG Engine               - fontMono: lucida_console.ttf
13:09:32.520 [JavaFX Application Thread] DEBUG Engine               - soundMenuSelect: menu/select.wav
13:09:32.520 [JavaFX Application Thread] DEBUG Engine               - height: 800
13:09:32.521 [JavaFX Application Thread] DEBUG Engine               - isSingleStep: false
13:09:32.521 [JavaFX Application Thread] DEBUG Engine               - fontGame: Abel-Regular.ttf
13:09:32.521 [JavaFX Application Thread] DEBUG Engine               - menuKey: ESCAPE
13:09:32.521 [JavaFX Application Thread] DEBUG Engine               - versionCheckDays: 7
13:09:32.521 [JavaFX Application Thread] DEBUG Engine               - masterTimer: com.almasb.fxgl.time.Timer@2bf54a9
13:09:32.522 [JavaFX Application Thread] DEBUG Engine               - configClass: Optional.empty
13:09:32.522 [JavaFX Application Thread] DEBUG Engine               - version: 0.0
13:09:32.522 [JavaFX Application Thread] DEBUG Engine               - fullScreen: BooleanProperty [value: false]
13:09:32.522 [JavaFX Application Thread] DEBUG Engine               - dialogFactory: com.almasb.fxgl.ui.FXGLDialogFactory@1b45253e
13:09:32.522 [JavaFX Application Thread] DEBUG Engine               - applicationMode: DEVELOPER
13:09:32.523 [JavaFX Application Thread] DEBUG Engine               - urlGoogleForms: https://goo.gl/forms/6wrMnOBxTE1fEpOy2
13:09:32.523 [JavaFX Application Thread] DEBUG Engine               - isMenuEnabled: false
13:09:32.523 [JavaFX Application Thread] DEBUG Engine               - urlPOM: https://raw.githubusercontent.com/AlmasB/FXGL/master/pom.xml
13:09:32.523 [JavaFX Application Thread] DEBUG Engine               - profileName: user.profile
13:09:32.523 [JavaFX Application Thread] DEBUG Engine               - notificationViewClass: class com.almasb.fxgl.notification.view.XboxNotificationView
13:09:32.523 [JavaFX Application Thread] DEBUG Engine               - sceneFactory: com.almasb.fxgl.app.SceneFactory@65f375b9
13:09:32.524 [JavaFX Application Thread] DEBUG Engine               - dataFileExt: .dat
13:09:32.524 [JavaFX Application Thread] DEBUG Engine               - stageStyle: DECORATED
13:09:32.524 [JavaFX Application Thread] DEBUG Engine               - isManualResizeEnabled: false
13:09:32.524 [JavaFX Application Thread] DEBUG Engine               - title: What Goes UP
13:09:32.524 [JavaFX Application Thread] DEBUG Engine               - credits: []
13:09:32.524 [JavaFX Application Thread] DEBUG Engine               - uIFactory: com.almasb.fxgl.ui.FXGLUIFactory@41299e15
13:09:32.524 [JavaFX Application Thread] DEBUG Engine               - fontText: Courier-Prime.ttf
13:09:32.525 [JavaFX Application Thread] DEBUG Engine               - isExperimentalTiledLargeMap: false
13:09:32.525 [JavaFX Application Thread] DEBUG Engine               - secondsIn24h: 60
13:09:32.525 [JavaFX Application Thread] DEBUG Engine               - soundMenuPress: menu/press.wav
13:09:32.525 [JavaFX Application Thread] DEBUG Engine               - urlGithub: https://github.com/AlmasB/FXGL
13:09:32.525 [JavaFX Application Thread] DEBUG Engine               - profileDir: profiles/
13:09:32.525 [JavaFX Application Thread] DEBUG Engine               - urlLeaderboard: http://fxgl-top.herokuapp.com/
13:09:32.525 [JavaFX Application Thread] DEBUG Engine               - saveDir: saves/
13:09:32.526 [JavaFX Application Thread] DEBUG Engine               - engineServices: [class com.almasb.fxgl.audio.AudioPlayer, class com.almasb.fxgl.notification.impl.NotificationServiceProvider, class com.almasb.fxgl.achievement.AchievementManager]
13:09:32.526 [JavaFX Application Thread] DEBUG Engine               - width: 1480
13:09:32.526 [JavaFX Application Thread] DEBUG Engine               - saveFileExt: .sav
13:09:32.527 [JavaFX Application Thread] DEBUG Engine               - fontUI: VarelaRound-Regular.ttf
13:09:32.527 [JavaFX Application Thread] DEBUG Engine               - enabledMenuItems: []
13:09:32.545 [JavaFX Application Thread] INFO  Engine               - FXGL initialization took: 1.556 sec
13:09:32.545 [JavaFX Application Thread] DEBUG LoopRunner           - Starting loop
13:09:32.557 [JavaFX Application Thread] DEBUG StartupScene         - STARTUP
13:09:32.557 [JavaFX Application Thread] DEBUG Engine               - Starting new game
13:09:32.557 [JavaFX Application Thread] DEBUG AssetLoader          - Loading from disk: /assets/ui/css/fxgl_dark.css
13:09:32.557 [JavaFX Application Thread] DEBUG Input                - Clearing active input actions
13:09:32.573 [JavaFX Application Thread] DEBUG MainWindow           - StartupScene -> LoadingScene
13:09:32.582 [JavaFX Application Thread] DEBUG Engine               - Removing overlay from StartupScene and adding to LoadingScene
13:09:32.582 [FXGL Background Thread 1 ] DEBUG InitAppTask          - Clearing previous game
13:09:32.583 [FXGL Background Thread 1 ] DEBUG GameWorld            - Clearing game world
13:09:32.583 [FXGL Background Thread 1 ] DEBUG PhysicsWorld         - Clearing physics world
13:09:32.583 [FXGL Background Thread 1 ] DEBUG GameScene            - Clearing game scene
13:09:32.583 [FXGL Background Thread 1 ] DEBUG InitAppTask          - Initializing Game
13:09:32.586 [FXGL Background Thread 1 ] DEBUG AssetLoader          - Loading from disk: /assets/textures/background.png
13:09:32.688 [FXGL Background Thread 1 ] DEBUG AssetLoader          - Loading from disk: /assets/textures/Untitled-3.png
13:09:32.693 [FXGL Background Thread 1 ] DEBUG InitAppTask          - Initializing Physics
13:09:32.693 [FXGL Background Thread 1 ] DEBUG InitAppTask          - Initializing UI
13:09:32.693 [FXGL Background Thread 1 ] DEBUG InitAppTask          - Initialization Complete
13:09:32.694 [FXGL Background Thread 1 ] INFO  InitAppTask          - Game initialization took: 0.111 sec
13:09:32.768 [JavaFX Application Thread] DEBUG AssetLoader          - Loading from disk: /assets/ui/css/fxgl_dark.css
13:09:32.769 [JavaFX Application Thread] DEBUG Input                - Clearing active input actions
13:09:32.791 [JavaFX Application Thread] DEBUG MainWindow           - LoadingScene -> GameScene
13:09:32.791 [JavaFX Application Thread] DEBUG Engine               - Removing overlay from LoadingScene and adding to GameScene
13:09:38.637 [JavaFX Application Thread] DEBUG Engine               - Exiting FXGL
13:09:38.638 [JavaFX Application Thread] DEBUG Engine               - Shutting down background threads
13:09:38.638 [JavaFX Application Thread] DEBUG Engine               - Saving FXGL system data
13:09:38.641 [JavaFX Application Thread] DEBUG MobileFSService      - Writing to: C:\Users\Gadgeats Technology\Documents\IdeaProjects\system\fxgl.bundle
13:09:38.646 [JavaFX Application Thread] DEBUG Engine               - Closing logger and exiting JavaFX
