13:09:18.034 [main                     ] DEBUG GameApplication      - Logger initialized
13:09:18.052 [main                     ] DEBUG GameApplication      - Logging settings
Title: What Goes UP
Version: 0.0
Width: 1480
Height: 800
Fullscreen: false
Intro: false
Menus: false
Profiling: false
Single step:false
App Mode: DEVELOPER
Menu Key: ESCAPE
Stage Style: DECORATED
Scene Factory: class com.almasb.fxgl.app.SceneFactory
Dialog Factory: class com.almasb.fxgl.ui.FXGLDialogFactory
UI Factory: class com.almasb.fxgl.ui.FXGLUIFactory

13:09:18.742 [JavaFX Application Thread] DEBUG Engine               - Initializing FXGL
13:09:18.752 [JavaFX Application Thread] INFO  Engine               - FXGL-11.2-beta on DESKTOP
13:09:18.752 [JavaFX Application Thread] INFO  Engine               - Source code and latest versions at: https://github.com/AlmasB/FXGL
13:09:18.753 [JavaFX Application Thread] INFO  Engine               -              Join the FXGL chat at: https://gitter.im/AlmasB/FXGL
13:09:18.759 [JavaFX Application Thread] DEBUG Engine               - Adding new engine service: class com.almasb.fxgl.audio.AudioPlayer
13:09:18.761 [JavaFX Application Thread] DEBUG Engine               - Adding new engine service: class com.almasb.fxgl.notification.impl.NotificationServiceProvider
13:09:18.763 [JavaFX Application Thread] DEBUG Engine               - Adding new engine service: class com.almasb.fxgl.achievement.AchievementManager
13:09:18.764 [JavaFX Application Thread] DEBUG Engine               - Adding new engine service: class com.almasb.fxgl.dev.DevService
13:09:18.791 [JavaFX Application Thread] DEBUG SaveLoadManager      - Checking profiles dir: profiles/
13:09:18.794 [JavaFX Application Thread] DEBUG FS                   - Loaded MobileFSService
13:09:18.795 [JavaFX Application Thread] DEBUG Engine               - Loading localizations
13:09:18.809 [JavaFX Application Thread] DEBUG AssetLoader          - Loading from disk: /assets/properties/languages/english.properties
13:09:18.815 [JavaFX Application Thread] DEBUG AssetLoader          - Loading from disk: /assets/properties/languages/french.properties
13:09:18.819 [JavaFX Application Thread] DEBUG AssetLoader          - Loading from disk: /assets/properties/languages/german.properties
13:09:18.820 [JavaFX Application Thread] DEBUG AssetLoader          - Loading from disk: /assets/properties/languages/russian.properties
13:09:18.823 [JavaFX Application Thread] DEBUG AssetLoader          - Loading from disk: /assets/properties/languages/hungarian.properties
13:09:18.827 [JavaFX Application Thread] DEBUG Engine               - Registering font factories
13:09:18.828 [JavaFX Application Thread] DEBUG AssetLoader          - Loading from disk: /assets/ui/fonts/VarelaRound-Regular.ttf
13:09:19.164 [JavaFX Application Thread] DEBUG AssetLoader          - Loading from disk: /assets/ui/fonts/Abel-Regular.ttf
13:09:19.181 [JavaFX Application Thread] DEBUG AssetLoader          - Loading from disk: /assets/ui/fonts/lucida_console.ttf
13:09:19.207 [JavaFX Application Thread] DEBUG AssetLoader          - Loading from disk: /assets/ui/fonts/Courier-Prime.ttf
13:09:19.226 [JavaFX Application Thread] DEBUG Engine               - Setting UI factory
13:09:19.370 [JavaFX Application Thread] DEBUG AssetLoader          - Loading from disk: /assets/ui/cursors/fxgl_default.png
13:09:19.524 [JavaFX Application Thread] DEBUG MainWindow           - Creating a JavaFX scene
13:09:19.612 [JavaFX Application Thread] DEBUG MainWindow           - Target settings size: 1480.0 x 800.0
13:09:19.613 [JavaFX Application Thread] DEBUG MainWindow           - Scaled scene size:    1480.0 x 800.0
13:09:19.613 [JavaFX Application Thread] DEBUG MainWindow           - Scaled ratio: (1.0, 1.0)
13:09:19.614 [JavaFX Application Thread] DEBUG AssetLoader          - Loading from disk: /assets/ui/css/fxgl_dark.css
13:09:19.617 [JavaFX Application Thread] DEBUG Input                - Clearing active input actions
13:09:19.617 [JavaFX Application Thread] DEBUG MainWindow           - StartupScene -> StartupScene
13:09:19.620 [JavaFX Application Thread] DEBUG AssetLoader          - Loading from disk: /assets/textures/fxgl_icon.png
13:09:19.683 [JavaFX Application Thread] DEBUG MainWindow           - Opening main window
13:09:19.917 [JavaFX Application Thread] DEBUG MainWindow           - Window border size: (14.4000244140625, 37.5999755859375)
13:09:19.917 [JavaFX Application Thread] DEBUG MainWindow           - Scaled size: 1480.0 x 800.0
13:09:19.917 [JavaFX Application Thread] DEBUG MainWindow           - Scaled ratio: (1.0, 1.0)
13:09:19.918 [JavaFX Application Thread] DEBUG MainWindow           - Scene size: 1480.0 x 800.0
13:09:19.918 [JavaFX Application Thread] DEBUG MainWindow           - Stage size: 1494.4000244140625 x 837.5999755859375
13:09:19.989 [FXGL Background Thread 1 ] DEBUG Engine               - Loading FXGL system data
13:09:20.002 [FXGL Background Thread 1 ] DEBUG MobileFSService      - Reading from: C:\Users\Gadgeats Technology\Documents\IdeaProjects\system\fxgl.bundle
13:09:20.022 [FXGL Background Thread 1 ] DEBUG Engine               - Bundle FXGL: {}
13:09:20.023 [FXGL Background Thread 1 ] DEBUG Engine               - Initializing application scenes
13:09:20.026 [FXGL Background Thread 1 ] DEBUG AssetLoader          - Loading from disk: /assets/ui/cursors/fxgl_default.png
13:09:20.053 [FXGL Background Thread 1 ] DEBUG GameWorld            - Game world initialized
13:09:20.197 [FXGL Background Thread 1 ] DEBUG PhysicsWorld         - Physics world initialized: appHeight=800, physics.ppm=50.0
13:09:20.198 [FXGL Background Thread 1 ] DEBUG AssetLoader          - Loading from disk: /assets/ui/cursors/fxgl_default.png
13:09:20.202 [FXGL Background Thread 1 ] DEBUG GameScene            - Game scene initialized: 1480x800
13:09:20.270 [FXGL Background Thread 1 ] DEBUG Input                - Registered new binding: Pause - Esc
13:09:20.270 [FXGL Background Thread 1 ] DEBUG Engine               - Application scenes initialized
13:09:20.276 [JavaFX Application Thread] DEBUG Engine               - Running preInit()
13:09:20.278 [JavaFX Application Thread] DEBUG Input                - Registered new binding: Screenshot - P
13:09:20.279 [JavaFX Application Thread] DEBUG Input                - Registered new binding: Dev Options - 1
13:09:20.279 [JavaFX Application Thread] DEBUG Input                - Registered new binding: System info dump - CTRL+9
13:09:20.280 [JavaFX Application Thread] DEBUG Input                - Registered new binding: Restart - CTRL+R
13:09:20.280 [JavaFX Application Thread] DEBUG Engine               - generateDefaultProfile()
13:09:20.281 [JavaFX Application Thread] DEBUG Engine               - Creating default profile
13:09:20.282 [JavaFX Application Thread] DEBUG EventBus             - Firing event: SaveEvent
13:09:20.298 [JavaFX Application Thread] DEBUG Engine               - Logging environment variables
13:09:20.299 [JavaFX Application Thread] DEBUG Engine               - achievementStores: []
13:09:20.299 [JavaFX Application Thread] DEBUG Engine               - cSS: fxgl_dark.css
13:09:20.299 [JavaFX Application Thread] DEBUG Engine               - language: ObjectProperty [value: ENGLISH]
13:09:20.299 [JavaFX Application Thread] DEBUG Engine               - isCloseConfirmation: false
13:09:20.299 [JavaFX Application Thread] DEBUG Engine               - isProfilingEnabled: false
13:09:20.299 [JavaFX Application Thread] DEBUG Engine               - soundNotification: core/notification.wav
13:09:20.299 [JavaFX Application Thread] DEBUG Engine               - pixelsPerMeter: 50.0
13:09:20.300 [JavaFX Application Thread] DEBUG Engine               - overlayRoot: Group@125398ad
13:09:20.300 [JavaFX Application Thread] DEBUG Engine               - soundMenuBack: menu/back.wav
13:09:20.300 [JavaFX Application Thread] DEBUG Engine               - appIcon: fxgl_icon.png
13:09:20.300 [JavaFX Application Thread] DEBUG Engine               - isFullScreenAllowed: false
13:09:20.300 [JavaFX Application Thread] DEBUG Engine               - isIntroEnabled: false
13:09:20.300 [JavaFX Application Thread] DEBUG Engine               - fontMono: lucida_console.ttf
13:09:20.300 [JavaFX Application Thread] DEBUG Engine               - soundMenuSelect: menu/select.wav
13:09:20.301 [JavaFX Application Thread] DEBUG Engine               - height: 800
13:09:20.301 [JavaFX Application Thread] DEBUG Engine               - isSingleStep: false
13:09:20.301 [JavaFX Application Thread] DEBUG Engine               - fontGame: Abel-Regular.ttf
13:09:20.301 [JavaFX Application Thread] DEBUG Engine               - menuKey: ESCAPE
13:09:20.301 [JavaFX Application Thread] DEBUG Engine               - versionCheckDays: 7
13:09:20.301 [JavaFX Application Thread] DEBUG Engine               - masterTimer: com.almasb.fxgl.time.Timer@5bc22f0f
13:09:20.301 [JavaFX Application Thread] DEBUG Engine               - configClass: Optional.empty
13:09:20.302 [JavaFX Application Thread] DEBUG Engine               - version: 0.0
13:09:20.302 [JavaFX Application Thread] DEBUG Engine               - fullScreen: BooleanProperty [value: false]
13:09:20.302 [JavaFX Application Thread] DEBUG Engine               - dialogFactory: com.almasb.fxgl.ui.FXGLDialogFactory@23e02960
13:09:20.302 [JavaFX Application Thread] DEBUG Engine               - applicationMode: DEVELOPER
13:09:20.302 [JavaFX Application Thread] DEBUG Engine               - urlGoogleForms: https://goo.gl/forms/6wrMnOBxTE1fEpOy2
13:09:20.302 [JavaFX Application Thread] DEBUG Engine               - isMenuEnabled: false
13:09:20.302 [JavaFX Application Thread] DEBUG Engine               - urlPOM: https://raw.githubusercontent.com/AlmasB/FXGL/master/pom.xml
13:09:20.302 [JavaFX Application Thread] DEBUG Engine               - profileName: user.profile
13:09:20.303 [JavaFX Application Thread] DEBUG Engine               - notificationViewClass: class com.almasb.fxgl.notification.view.XboxNotificationView
13:09:20.303 [JavaFX Application Thread] DEBUG Engine               - sceneFactory: com.almasb.fxgl.app.SceneFactory@649ccb9b
13:09:20.303 [JavaFX Application Thread] DEBUG Engine               - dataFileExt: .dat
13:09:20.303 [JavaFX Application Thread] DEBUG Engine               - stageStyle: DECORATED
13:09:20.303 [JavaFX Application Thread] DEBUG Engine               - isManualResizeEnabled: false
13:09:20.303 [JavaFX Application Thread] DEBUG Engine               - title: What Goes UP
13:09:20.303 [JavaFX Application Thread] DEBUG Engine               - credits: []
13:09:20.304 [JavaFX Application Thread] DEBUG Engine               - uIFactory: com.almasb.fxgl.ui.FXGLUIFactory@124376c1
13:09:20.304 [JavaFX Application Thread] DEBUG Engine               - fontText: Courier-Prime.ttf
13:09:20.304 [JavaFX Application Thread] DEBUG Engine               - isExperimentalTiledLargeMap: false
13:09:20.304 [JavaFX Application Thread] DEBUG Engine               - secondsIn24h: 60
13:09:20.304 [JavaFX Application Thread] DEBUG Engine               - soundMenuPress: menu/press.wav
13:09:20.304 [JavaFX Application Thread] DEBUG Engine               - urlGithub: https://github.com/AlmasB/FXGL
13:09:20.304 [JavaFX Application Thread] DEBUG Engine               - profileDir: profiles/
13:09:20.304 [JavaFX Application Thread] DEBUG Engine               - urlLeaderboard: http://fxgl-top.herokuapp.com/
13:09:20.305 [JavaFX Application Thread] DEBUG Engine               - saveDir: saves/
13:09:20.305 [JavaFX Application Thread] DEBUG Engine               - engineServices: [class com.almasb.fxgl.audio.AudioPlayer, class com.almasb.fxgl.notification.impl.NotificationServiceProvider, class com.almasb.fxgl.achievement.AchievementManager]
13:09:20.305 [JavaFX Application Thread] DEBUG Engine               - width: 1480
13:09:20.305 [JavaFX Application Thread] DEBUG Engine               - saveFileExt: .sav
13:09:20.305 [JavaFX Application Thread] DEBUG Engine               - fontUI: VarelaRound-Regular.ttf
13:09:20.305 [JavaFX Application Thread] DEBUG Engine               - enabledMenuItems: []
13:09:20.326 [JavaFX Application Thread] INFO  Engine               - FXGL initialization took: 1.530 sec
13:09:20.326 [JavaFX Application Thread] DEBUG LoopRunner           - Starting loop
13:09:20.336 [JavaFX Application Thread] DEBUG StartupScene         - STARTUP
13:09:20.336 [JavaFX Application Thread] DEBUG Engine               - Starting new game
13:09:20.337 [JavaFX Application Thread] DEBUG AssetLoader          - Loading from disk: /assets/ui/css/fxgl_dark.css
13:09:20.337 [JavaFX Application Thread] DEBUG Input                - Clearing active input actions
13:09:20.363 [JavaFX Application Thread] DEBUG MainWindow           - StartupScene -> LoadingScene
13:09:20.373 [JavaFX Application Thread] DEBUG Engine               - Removing overlay from StartupScene and adding to LoadingScene
13:09:20.374 [FXGL Background Thread 1 ] DEBUG InitAppTask          - Clearing previous game
13:09:20.374 [FXGL Background Thread 1 ] DEBUG GameWorld            - Clearing game world
13:09:20.374 [FXGL Background Thread 1 ] DEBUG PhysicsWorld         - Clearing physics world
13:09:20.374 [FXGL Background Thread 1 ] DEBUG GameScene            - Clearing game scene
13:09:20.374 [FXGL Background Thread 1 ] DEBUG InitAppTask          - Initializing Game
13:09:20.378 [FXGL Background Thread 1 ] DEBUG AssetLoader          - Loading from disk: /assets/textures/background.png
13:09:20.479 [FXGL Background Thread 1 ] DEBUG AssetLoader          - Loading from disk: /assets/textures/Untitled-3.png
13:09:20.498 [FXGL Background Thread 1 ] DEBUG InitAppTask          - Initializing Physics
13:09:20.498 [FXGL Background Thread 1 ] DEBUG InitAppTask          - Initializing UI
13:09:20.498 [FXGL Background Thread 1 ] DEBUG InitAppTask          - Initialization Complete
13:09:20.499 [FXGL Background Thread 1 ] INFO  InitAppTask          - Game initialization took: 0.125 sec
13:09:20.560 [JavaFX Application Thread] DEBUG AssetLoader          - Loading from disk: /assets/ui/css/fxgl_dark.css
13:09:20.561 [JavaFX Application Thread] DEBUG Input                - Clearing active input actions
13:09:20.575 [JavaFX Application Thread] DEBUG MainWindow           - LoadingScene -> GameScene
13:09:20.575 [JavaFX Application Thread] DEBUG Engine               - Removing overlay from LoadingScene and adding to GameScene
13:09:22.372 [JavaFX Application Thread] DEBUG Engine               - Exiting FXGL
13:09:22.372 [JavaFX Application Thread] DEBUG Engine               - Shutting down background threads
13:09:22.372 [JavaFX Application Thread] DEBUG Engine               - Saving FXGL system data
13:09:22.375 [JavaFX Application Thread] DEBUG MobileFSService      - Writing to: C:\Users\Gadgeats Technology\Documents\IdeaProjects\system\fxgl.bundle
13:09:22.379 [JavaFX Application Thread] DEBUG Engine               - Closing logger and exiting JavaFX
