14:12:00.459 [main                     ] DEBUG GameApplication      - Logger initialized
14:12:00.474 [main                     ] DEBUG GameApplication      - Logging settings
Title: What Goes UP
Version: 0.0
Width: 740
Height: 800
Fullscreen: false
Intro: false
Menus: false
Profiling: false
Single step:false
App Mode: DEVELOPER
Menu Key: ESCAPE
Stage Style: DECORATED
Scene Factory: class com.almasb.fxgl.app.SceneFactory
Dialog Factory: class com.almasb.fxgl.ui.FXGLDialogFactory
UI Factory: class com.almasb.fxgl.ui.FXGLUIFactory

14:12:01.194 [JavaFX Application Thread] DEBUG Engine               - Initializing FXGL
14:12:01.204 [JavaFX Application Thread] INFO  Engine               - FXGL-11.2-beta on DESKTOP
14:12:01.204 [JavaFX Application Thread] INFO  Engine               - Source code and latest versions at: https://github.com/AlmasB/FXGL
14:12:01.205 [JavaFX Application Thread] INFO  Engine               -              Join the FXGL chat at: https://gitter.im/AlmasB/FXGL
14:12:01.211 [JavaFX Application Thread] DEBUG Engine               - Adding new engine service: class com.almasb.fxgl.audio.AudioPlayer
14:12:01.213 [JavaFX Application Thread] DEBUG Engine               - Adding new engine service: class com.almasb.fxgl.notification.impl.NotificationServiceProvider
14:12:01.214 [JavaFX Application Thread] DEBUG Engine               - Adding new engine service: class com.almasb.fxgl.achievement.AchievementManager
14:12:01.215 [JavaFX Application Thread] DEBUG Engine               - Adding new engine service: class com.almasb.fxgl.dev.DevService
14:12:01.239 [JavaFX Application Thread] DEBUG SaveLoadManager      - Checking profiles dir: profiles/
14:12:01.244 [JavaFX Application Thread] DEBUG FS                   - Loaded MobileFSService
14:12:01.244 [JavaFX Application Thread] DEBUG Engine               - Loading localizations
14:12:01.257 [JavaFX Application Thread] DEBUG AssetLoader          - Loading from disk: /assets/properties/languages/english.properties
14:12:01.262 [JavaFX Application Thread] DEBUG AssetLoader          - Loading from disk: /assets/properties/languages/french.properties
14:12:01.264 [JavaFX Application Thread] DEBUG AssetLoader          - Loading from disk: /assets/properties/languages/german.properties
14:12:01.267 [JavaFX Application Thread] DEBUG AssetLoader          - Loading from disk: /assets/properties/languages/russian.properties
14:12:01.270 [JavaFX Application Thread] DEBUG AssetLoader          - Loading from disk: /assets/properties/languages/hungarian.properties
14:12:01.274 [JavaFX Application Thread] DEBUG Engine               - Registering font factories
14:12:01.276 [JavaFX Application Thread] DEBUG AssetLoader          - Loading from disk: /assets/ui/fonts/VarelaRound-Regular.ttf
14:12:01.596 [JavaFX Application Thread] DEBUG AssetLoader          - Loading from disk: /assets/ui/fonts/Abel-Regular.ttf
14:12:01.614 [JavaFX Application Thread] DEBUG AssetLoader          - Loading from disk: /assets/ui/fonts/lucida_console.ttf
14:12:01.633 [JavaFX Application Thread] DEBUG AssetLoader          - Loading from disk: /assets/ui/fonts/Courier-Prime.ttf
14:12:01.651 [JavaFX Application Thread] DEBUG Engine               - Setting UI factory
14:12:01.804 [JavaFX Application Thread] DEBUG AssetLoader          - Loading from disk: /assets/ui/cursors/fxgl_default.png
14:12:02.023 [JavaFX Application Thread] DEBUG MainWindow           - Creating a JavaFX scene
14:12:02.122 [JavaFX Application Thread] DEBUG MainWindow           - Target settings size: 740.0 x 800.0
14:12:02.122 [JavaFX Application Thread] DEBUG MainWindow           - Scaled scene size:    740.0 x 800.0
14:12:02.122 [JavaFX Application Thread] DEBUG MainWindow           - Scaled ratio: (1.0, 1.0)
14:12:02.123 [JavaFX Application Thread] DEBUG AssetLoader          - Loading from disk: /assets/ui/css/fxgl_dark.css
14:12:02.124 [JavaFX Application Thread] DEBUG Input                - Clearing active input actions
14:12:02.125 [JavaFX Application Thread] DEBUG MainWindow           - StartupScene -> StartupScene
14:12:02.128 [JavaFX Application Thread] DEBUG AssetLoader          - Loading from disk: /assets/textures/fxgl_icon.png
14:12:02.163 [JavaFX Application Thread] DEBUG MainWindow           - Opening main window
14:12:02.445 [JavaFX Application Thread] DEBUG MainWindow           - Window border size: (14.4000244140625, 37.5999755859375)
14:12:02.446 [JavaFX Application Thread] DEBUG MainWindow           - Scaled size: 740.0 x 800.0
14:12:02.446 [JavaFX Application Thread] DEBUG MainWindow           - Scaled ratio: (1.0, 1.0)
14:12:02.446 [JavaFX Application Thread] DEBUG MainWindow           - Scene size: 740.0 x 800.0
14:12:02.446 [JavaFX Application Thread] DEBUG MainWindow           - Stage size: 754.4000244140625 x 837.5999755859375
14:12:02.509 [FXGL Background Thread 1 ] DEBUG Engine               - Loading FXGL system data
14:12:02.528 [FXGL Background Thread 1 ] DEBUG MobileFSService      - Reading from: C:\Users\Gadgeats Technology\Documents\IdeaProjects\system\fxgl.bundle
14:12:02.544 [FXGL Background Thread 1 ] DEBUG Engine               - Bundle FXGL: {}
14:12:02.544 [FXGL Background Thread 1 ] DEBUG Engine               - Initializing application scenes
14:12:02.547 [FXGL Background Thread 1 ] DEBUG AssetLoader          - Loading from disk: /assets/ui/cursors/fxgl_default.png
14:12:02.576 [FXGL Background Thread 1 ] DEBUG GameWorld            - Game world initialized
14:12:02.713 [FXGL Background Thread 1 ] DEBUG PhysicsWorld         - Physics world initialized: appHeight=800, physics.ppm=50.0
14:12:02.714 [FXGL Background Thread 1 ] DEBUG AssetLoader          - Loading from disk: /assets/ui/cursors/fxgl_default.png
14:12:02.719 [FXGL Background Thread 1 ] DEBUG GameScene            - Game scene initialized: 740x800
14:12:02.787 [FXGL Background Thread 1 ] DEBUG Input                - Registered new binding: Pause - Esc
14:12:02.787 [FXGL Background Thread 1 ] DEBUG Engine               - Application scenes initialized
14:12:02.792 [JavaFX Application Thread] DEBUG Engine               - Running preInit()
14:12:02.795 [JavaFX Application Thread] DEBUG Input                - Registered new binding: Screenshot - P
14:12:02.795 [JavaFX Application Thread] DEBUG Input                - Registered new binding: Dev Options - 1
14:12:02.796 [JavaFX Application Thread] DEBUG Input                - Registered new binding: System info dump - CTRL+9
14:12:02.797 [JavaFX Application Thread] DEBUG Input                - Registered new binding: Restart - CTRL+R
14:12:02.797 [JavaFX Application Thread] DEBUG Engine               - generateDefaultProfile()
14:12:02.797 [JavaFX Application Thread] DEBUG Engine               - Creating default profile
14:12:02.798 [JavaFX Application Thread] DEBUG EventBus             - Firing event: SaveEvent
14:12:02.816 [JavaFX Application Thread] DEBUG Engine               - Logging environment variables
14:12:02.816 [JavaFX Application Thread] DEBUG Engine               - achievementStores: []
14:12:02.816 [JavaFX Application Thread] DEBUG Engine               - cSS: fxgl_dark.css
14:12:02.816 [JavaFX Application Thread] DEBUG Engine               - language: ObjectProperty [value: ENGLISH]
14:12:02.817 [JavaFX Application Thread] DEBUG Engine               - isCloseConfirmation: false
14:12:02.817 [JavaFX Application Thread] DEBUG Engine               - isProfilingEnabled: false
14:12:02.817 [JavaFX Application Thread] DEBUG Engine               - soundNotification: core/notification.wav
14:12:02.817 [JavaFX Application Thread] DEBUG Engine               - pixelsPerMeter: 50.0
14:12:02.817 [JavaFX Application Thread] DEBUG Engine               - overlayRoot: Group@324ce763
14:12:02.817 [JavaFX Application Thread] DEBUG Engine               - appIcon: fxgl_icon.png
14:12:02.817 [JavaFX Application Thread] DEBUG Engine               - soundMenuBack: menu/back.wav
14:12:02.818 [JavaFX Application Thread] DEBUG Engine               - isFullScreenAllowed: false
14:12:02.818 [JavaFX Application Thread] DEBUG Engine               - isIntroEnabled: false
14:12:02.818 [JavaFX Application Thread] DEBUG Engine               - fontMono: lucida_console.ttf
14:12:02.818 [JavaFX Application Thread] DEBUG Engine               - soundMenuSelect: menu/select.wav
14:12:02.818 [JavaFX Application Thread] DEBUG Engine               - height: 800
14:12:02.818 [JavaFX Application Thread] DEBUG Engine               - isSingleStep: false
14:12:02.818 [JavaFX Application Thread] DEBUG Engine               - fontGame: Abel-Regular.ttf
14:12:02.819 [JavaFX Application Thread] DEBUG Engine               - menuKey: ESCAPE
14:12:02.819 [JavaFX Application Thread] DEBUG Engine               - versionCheckDays: 7
14:12:02.819 [JavaFX Application Thread] DEBUG Engine               - masterTimer: com.almasb.fxgl.time.Timer@2bf54a9
14:12:02.819 [JavaFX Application Thread] DEBUG Engine               - configClass: Optional.empty
14:12:02.819 [JavaFX Application Thread] DEBUG Engine               - version: 0.0
14:12:02.819 [JavaFX Application Thread] DEBUG Engine               - fullScreen: BooleanProperty [value: false]
14:12:02.819 [JavaFX Application Thread] DEBUG Engine               - dialogFactory: com.almasb.fxgl.ui.FXGLDialogFactory@1b45253e
14:12:02.820 [JavaFX Application Thread] DEBUG Engine               - applicationMode: DEVELOPER
14:12:02.820 [JavaFX Application Thread] DEBUG Engine               - urlGoogleForms: https://goo.gl/forms/6wrMnOBxTE1fEpOy2
14:12:02.820 [JavaFX Application Thread] DEBUG Engine               - isMenuEnabled: false
14:12:02.820 [JavaFX Application Thread] DEBUG Engine               - urlPOM: https://raw.githubusercontent.com/AlmasB/FXGL/master/pom.xml
14:12:02.820 [JavaFX Application Thread] DEBUG Engine               - profileName: user.profile
14:12:02.820 [JavaFX Application Thread] DEBUG Engine               - notificationViewClass: class com.almasb.fxgl.notification.view.XboxNotificationView
14:12:02.820 [JavaFX Application Thread] DEBUG Engine               - sceneFactory: com.almasb.fxgl.app.SceneFactory@65f375b9
14:12:02.821 [JavaFX Application Thread] DEBUG Engine               - dataFileExt: .dat
14:12:02.821 [JavaFX Application Thread] DEBUG Engine               - stageStyle: DECORATED
14:12:02.821 [JavaFX Application Thread] DEBUG Engine               - isManualResizeEnabled: false
14:12:02.821 [JavaFX Application Thread] DEBUG Engine               - title: What Goes UP
14:12:02.821 [JavaFX Application Thread] DEBUG Engine               - credits: []
14:12:02.821 [JavaFX Application Thread] DEBUG Engine               - uIFactory: com.almasb.fxgl.ui.FXGLUIFactory@41299e15
14:12:02.821 [JavaFX Application Thread] DEBUG Engine               - fontText: Courier-Prime.ttf
14:12:02.821 [JavaFX Application Thread] DEBUG Engine               - isExperimentalTiledLargeMap: false
14:12:02.822 [JavaFX Application Thread] DEBUG Engine               - secondsIn24h: 60
14:12:02.822 [JavaFX Application Thread] DEBUG Engine               - soundMenuPress: menu/press.wav
14:12:02.822 [JavaFX Application Thread] DEBUG Engine               - urlGithub: https://github.com/AlmasB/FXGL
14:12:02.822 [JavaFX Application Thread] DEBUG Engine               - profileDir: profiles/
14:12:02.822 [JavaFX Application Thread] DEBUG Engine               - urlLeaderboard: http://fxgl-top.herokuapp.com/
14:12:02.822 [JavaFX Application Thread] DEBUG Engine               - saveDir: saves/
14:12:02.822 [JavaFX Application Thread] DEBUG Engine               - engineServices: [class com.almasb.fxgl.audio.AudioPlayer, class com.almasb.fxgl.notification.impl.NotificationServiceProvider, class com.almasb.fxgl.achievement.AchievementManager]
14:12:02.823 [JavaFX Application Thread] DEBUG Engine               - width: 740
14:12:02.823 [JavaFX Application Thread] DEBUG Engine               - saveFileExt: .sav
14:12:02.823 [JavaFX Application Thread] DEBUG Engine               - fontUI: VarelaRound-Regular.ttf
14:12:02.823 [JavaFX Application Thread] DEBUG Engine               - enabledMenuItems: []
14:12:02.850 [JavaFX Application Thread] INFO  Engine               - FXGL initialization took: 1.606 sec
14:12:02.851 [JavaFX Application Thread] DEBUG LoopRunner           - Starting loop
14:12:02.861 [JavaFX Application Thread] DEBUG StartupScene         - STARTUP
14:12:02.861 [JavaFX Application Thread] DEBUG Engine               - Starting new game
14:12:02.861 [JavaFX Application Thread] DEBUG AssetLoader          - Loading from disk: /assets/ui/css/fxgl_dark.css
14:12:02.862 [JavaFX Application Thread] DEBUG Input                - Clearing active input actions
14:12:02.878 [JavaFX Application Thread] DEBUG MainWindow           - StartupScene -> LoadingScene
14:12:02.888 [JavaFX Application Thread] DEBUG Engine               - Removing overlay from StartupScene and adding to LoadingScene
14:12:02.888 [FXGL Background Thread 1 ] DEBUG InitAppTask          - Clearing previous game
14:12:02.889 [FXGL Background Thread 1 ] DEBUG GameWorld            - Clearing game world
14:12:02.889 [FXGL Background Thread 1 ] DEBUG PhysicsWorld         - Clearing physics world
14:12:02.889 [FXGL Background Thread 1 ] DEBUG GameScene            - Clearing game scene
14:12:02.889 [FXGL Background Thread 1 ] DEBUG InitAppTask          - Initializing Game
14:12:02.892 [FXGL Background Thread 1 ] DEBUG AssetLoader          - Loading from disk: /assets/textures/background.png
14:12:02.969 [FXGL Background Thread 1 ] DEBUG AssetLoader          - Loading from disk: /assets/textures/Untitled-3.png
14:12:02.990 [FXGL Background Thread 1 ] DEBUG InitAppTask          - Initializing Physics
14:12:02.990 [FXGL Background Thread 1 ] DEBUG InitAppTask          - Initializing UI
14:12:02.991 [FXGL Background Thread 1 ] DEBUG InitAppTask          - Initialization Complete
14:12:02.991 [FXGL Background Thread 1 ] INFO  InitAppTask          - Game initialization took: 0.102 sec
14:12:03.088 [JavaFX Application Thread] DEBUG AssetLoader          - Loading from disk: /assets/ui/css/fxgl_dark.css
14:12:03.089 [JavaFX Application Thread] DEBUG Input                - Clearing active input actions
14:12:03.106 [JavaFX Application Thread] DEBUG MainWindow           - LoadingScene -> GameScene
14:12:03.106 [JavaFX Application Thread] DEBUG Engine               - Removing overlay from LoadingScene and adding to GameScene
14:12:21.555 [JavaFX Application Thread] DEBUG LoopRunner           - Pausing loop
20:49:14.231 [JavaFX Application Thread] DEBUG LoopRunner           - Resuming loop
20:49:32.476 [JavaFX Application Thread] DEBUG LoopRunner           - Pausing loop
21:10:26.712 [JavaFX Application Thread] DEBUG LoopRunner           - Resuming loop
21:10:28.239 [JavaFX Application Thread] DEBUG Engine               - Exiting FXGL
21:10:28.240 [JavaFX Application Thread] DEBUG Engine               - Shutting down background threads
21:10:28.241 [JavaFX Application Thread] DEBUG Engine               - Saving FXGL system data
21:10:28.246 [JavaFX Application Thread] DEBUG MobileFSService      - Writing to: C:\Users\Gadgeats Technology\Documents\IdeaProjects\system\fxgl.bundle
21:10:28.256 [JavaFX Application Thread] DEBUG Engine               - Closing logger and exiting JavaFX
