01:29:37.147 [main                     ] DEBUG GameApplication      - Logger initialized
01:29:37.170 [main                     ] DEBUG GameApplication      - Logging settings
Title: What Goes UP
Version: 0.0
Width: 740
Height: 800
Fullscreen: false
Intro: false
Menus: false
Profiling: false
Single step:false
App Mode: DEVELOPER
Menu Key: ESCAPE
Stage Style: DECORATED
Scene Factory: class com.almasb.fxgl.app.SceneFactory
Dialog Factory: class com.almasb.fxgl.ui.FXGLDialogFactory
UI Factory: class com.almasb.fxgl.ui.FXGLUIFactory

01:29:38.025 [JavaFX Application Thread] DEBUG Engine               - Initializing FXGL
01:29:38.035 [JavaFX Application Thread] INFO  Engine               - FXGL-11.2-beta on DESKTOP
01:29:38.036 [JavaFX Application Thread] INFO  Engine               - Source code and latest versions at: https://github.com/AlmasB/FXGL
01:29:38.036 [JavaFX Application Thread] INFO  Engine               -              Join the FXGL chat at: https://gitter.im/AlmasB/FXGL
01:29:38.048 [JavaFX Application Thread] DEBUG Engine               - Adding new engine service: class com.almasb.fxgl.audio.AudioPlayer
01:29:38.051 [JavaFX Application Thread] DEBUG Engine               - Adding new engine service: class com.almasb.fxgl.notification.impl.NotificationServiceProvider
01:29:38.053 [JavaFX Application Thread] DEBUG Engine               - Adding new engine service: class com.almasb.fxgl.achievement.AchievementManager
01:29:38.054 [JavaFX Application Thread] DEBUG Engine               - Adding new engine service: class com.almasb.fxgl.dev.DevService
01:29:38.079 [JavaFX Application Thread] DEBUG SaveLoadManager      - Checking profiles dir: profiles/
01:29:38.082 [JavaFX Application Thread] DEBUG FS                   - Loaded MobileFSService
01:29:38.082 [JavaFX Application Thread] DEBUG Engine               - Loading localizations
01:29:38.096 [JavaFX Application Thread] DEBUG AssetLoader          - Loading from disk: /assets/properties/languages/english.properties
01:29:38.103 [JavaFX Application Thread] DEBUG AssetLoader          - Loading from disk: /assets/properties/languages/french.properties
01:29:38.105 [JavaFX Application Thread] DEBUG AssetLoader          - Loading from disk: /assets/properties/languages/german.properties
01:29:38.107 [JavaFX Application Thread] DEBUG AssetLoader          - Loading from disk: /assets/properties/languages/russian.properties
01:29:38.109 [JavaFX Application Thread] DEBUG AssetLoader          - Loading from disk: /assets/properties/languages/hungarian.properties
01:29:38.112 [JavaFX Application Thread] DEBUG Engine               - Registering font factories
01:29:38.113 [JavaFX Application Thread] DEBUG AssetLoader          - Loading from disk: /assets/ui/fonts/VarelaRound-Regular.ttf
01:29:38.427 [JavaFX Application Thread] DEBUG AssetLoader          - Loading from disk: /assets/ui/fonts/Abel-Regular.ttf
01:29:38.441 [JavaFX Application Thread] DEBUG AssetLoader          - Loading from disk: /assets/ui/fonts/lucida_console.ttf
01:29:38.457 [JavaFX Application Thread] DEBUG AssetLoader          - Loading from disk: /assets/ui/fonts/Courier-Prime.ttf
01:29:38.472 [JavaFX Application Thread] DEBUG Engine               - Setting UI factory
01:29:38.609 [JavaFX Application Thread] DEBUG AssetLoader          - Loading from disk: /assets/ui/cursors/fxgl_default.png
01:29:38.744 [JavaFX Application Thread] DEBUG MainWindow           - Creating a JavaFX scene
01:29:38.855 [JavaFX Application Thread] DEBUG MainWindow           - Target settings size: 740.0 x 800.0
01:29:38.855 [JavaFX Application Thread] DEBUG MainWindow           - Scaled scene size:    740.0 x 800.0
01:29:38.856 [JavaFX Application Thread] DEBUG MainWindow           - Scaled ratio: (1.0, 1.0)
01:29:38.857 [JavaFX Application Thread] DEBUG AssetLoader          - Loading from disk: /assets/ui/css/fxgl_dark.css
01:29:38.858 [JavaFX Application Thread] DEBUG Input                - Clearing active input actions
01:29:38.858 [JavaFX Application Thread] DEBUG MainWindow           - StartupScene -> StartupScene
01:29:38.861 [JavaFX Application Thread] DEBUG AssetLoader          - Loading from disk: /assets/textures/fxgl_icon.png
01:29:38.899 [JavaFX Application Thread] DEBUG MainWindow           - Opening main window
01:29:39.162 [JavaFX Application Thread] DEBUG MainWindow           - Window border size: (14.4000244140625, 37.5999755859375)
01:29:39.163 [JavaFX Application Thread] DEBUG MainWindow           - Scaled size: 740.0 x 800.0
01:29:39.163 [JavaFX Application Thread] DEBUG MainWindow           - Scaled ratio: (1.0, 1.0)
01:29:39.163 [JavaFX Application Thread] DEBUG MainWindow           - Scene size: 740.0 x 800.0
01:29:39.163 [JavaFX Application Thread] DEBUG MainWindow           - Stage size: 754.4000244140625 x 837.5999755859375
01:29:39.201 [FXGL Background Thread 1 ] DEBUG Engine               - Loading FXGL system data
01:29:39.210 [FXGL Background Thread 1 ] DEBUG MobileFSService      - Reading from: C:\Users\Gadgeats Technology\Documents\IdeaProjects\system\fxgl.bundle
01:29:39.238 [FXGL Background Thread 1 ] DEBUG Engine               - Bundle FXGL: {}
01:29:39.239 [FXGL Background Thread 1 ] DEBUG Engine               - Initializing application scenes
01:29:39.241 [FXGL Background Thread 1 ] DEBUG AssetLoader          - Loading from disk: /assets/ui/cursors/fxgl_default.png
01:29:39.262 [FXGL Background Thread 1 ] DEBUG GameWorld            - Game world initialized
01:29:39.377 [FXGL Background Thread 1 ] DEBUG PhysicsWorld         - Physics world initialized: appHeight=800, physics.ppm=50.0
01:29:39.380 [FXGL Background Thread 1 ] DEBUG AssetLoader          - Loading from disk: /assets/ui/cursors/fxgl_default.png
01:29:39.387 [FXGL Background Thread 1 ] DEBUG GameScene            - Game scene initialized: 740x800
01:29:39.447 [FXGL Background Thread 1 ] DEBUG Input                - Registered new binding: Pause - Esc
01:29:39.448 [FXGL Background Thread 1 ] DEBUG Engine               - Application scenes initialized
01:29:39.455 [JavaFX Application Thread] DEBUG Engine               - Running preInit()
01:29:39.457 [JavaFX Application Thread] DEBUG Input                - Registered new binding: Screenshot - P
01:29:39.457 [JavaFX Application Thread] DEBUG Input                - Registered new binding: Dev Options - 1
01:29:39.458 [JavaFX Application Thread] DEBUG Input                - Registered new binding: System info dump - CTRL+9
01:29:39.459 [JavaFX Application Thread] DEBUG Input                - Registered new binding: Restart - CTRL+R
01:29:39.459 [JavaFX Application Thread] DEBUG Engine               - generateDefaultProfile()
01:29:39.459 [JavaFX Application Thread] DEBUG Engine               - Creating default profile
01:29:39.460 [JavaFX Application Thread] DEBUG EventBus             - Firing event: SaveEvent
01:29:39.480 [JavaFX Application Thread] DEBUG Engine               - Logging environment variables
01:29:39.481 [JavaFX Application Thread] DEBUG Engine               - achievementStores: []
01:29:39.481 [JavaFX Application Thread] DEBUG Engine               - cSS: fxgl_dark.css
01:29:39.481 [JavaFX Application Thread] DEBUG Engine               - language: ObjectProperty [value: ENGLISH]
01:29:39.481 [JavaFX Application Thread] DEBUG Engine               - isCloseConfirmation: false
01:29:39.481 [JavaFX Application Thread] DEBUG Engine               - isProfilingEnabled: false
01:29:39.482 [JavaFX Application Thread] DEBUG Engine               - soundNotification: core/notification.wav
01:29:39.482 [JavaFX Application Thread] DEBUG Engine               - pixelsPerMeter: 50.0
01:29:39.482 [JavaFX Application Thread] DEBUG Engine               - overlayRoot: Group@125398ad
01:29:39.483 [JavaFX Application Thread] DEBUG Engine               - appIcon: fxgl_icon.png
01:29:39.483 [JavaFX Application Thread] DEBUG Engine               - soundMenuBack: menu/back.wav
01:29:39.483 [JavaFX Application Thread] DEBUG Engine               - isFullScreenAllowed: false
01:29:39.483 [JavaFX Application Thread] DEBUG Engine               - isIntroEnabled: false
01:29:39.483 [JavaFX Application Thread] DEBUG Engine               - fontMono: lucida_console.ttf
01:29:39.484 [JavaFX Application Thread] DEBUG Engine               - soundMenuSelect: menu/select.wav
01:29:39.484 [JavaFX Application Thread] DEBUG Engine               - height: 800
01:29:39.484 [JavaFX Application Thread] DEBUG Engine               - isSingleStep: false
01:29:39.484 [JavaFX Application Thread] DEBUG Engine               - fontGame: Abel-Regular.ttf
01:29:39.484 [JavaFX Application Thread] DEBUG Engine               - menuKey: ESCAPE
01:29:39.484 [JavaFX Application Thread] DEBUG Engine               - versionCheckDays: 7
01:29:39.484 [JavaFX Application Thread] DEBUG Engine               - masterTimer: com.almasb.fxgl.time.Timer@5bc22f0f
01:29:39.485 [JavaFX Application Thread] DEBUG Engine               - configClass: Optional.empty
01:29:39.485 [JavaFX Application Thread] DEBUG Engine               - version: 0.0
01:29:39.485 [JavaFX Application Thread] DEBUG Engine               - fullScreen: BooleanProperty [value: false]
01:29:39.485 [JavaFX Application Thread] DEBUG Engine               - dialogFactory: com.almasb.fxgl.ui.FXGLDialogFactory@23e02960
01:29:39.485 [JavaFX Application Thread] DEBUG Engine               - applicationMode: DEVELOPER
01:29:39.485 [JavaFX Application Thread] DEBUG Engine               - urlGoogleForms: https://goo.gl/forms/6wrMnOBxTE1fEpOy2
01:29:39.485 [JavaFX Application Thread] DEBUG Engine               - isMenuEnabled: false
01:29:39.485 [JavaFX Application Thread] DEBUG Engine               - urlPOM: https://raw.githubusercontent.com/AlmasB/FXGL/master/pom.xml
01:29:39.485 [JavaFX Application Thread] DEBUG Engine               - profileName: user.profile
01:29:39.485 [JavaFX Application Thread] DEBUG Engine               - notificationViewClass: class com.almasb.fxgl.notification.view.XboxNotificationView
01:29:39.486 [JavaFX Application Thread] DEBUG Engine               - sceneFactory: com.almasb.fxgl.app.SceneFactory@649ccb9b
01:29:39.486 [JavaFX Application Thread] DEBUG Engine               - dataFileExt: .dat
01:29:39.486 [JavaFX Application Thread] DEBUG Engine               - stageStyle: DECORATED
01:29:39.486 [JavaFX Application Thread] DEBUG Engine               - isManualResizeEnabled: false
01:29:39.486 [JavaFX Application Thread] DEBUG Engine               - title: What Goes UP
01:29:39.486 [JavaFX Application Thread] DEBUG Engine               - credits: []
01:29:39.486 [JavaFX Application Thread] DEBUG Engine               - uIFactory: com.almasb.fxgl.ui.FXGLUIFactory@124376c1
01:29:39.487 [JavaFX Application Thread] DEBUG Engine               - fontText: Courier-Prime.ttf
01:29:39.487 [JavaFX Application Thread] DEBUG Engine               - isExperimentalTiledLargeMap: false
01:29:39.487 [JavaFX Application Thread] DEBUG Engine               - secondsIn24h: 60
01:29:39.487 [JavaFX Application Thread] DEBUG Engine               - soundMenuPress: menu/press.wav
01:29:39.487 [JavaFX Application Thread] DEBUG Engine               - urlGithub: https://github.com/AlmasB/FXGL
01:29:39.487 [JavaFX Application Thread] DEBUG Engine               - profileDir: profiles/
01:29:39.487 [JavaFX Application Thread] DEBUG Engine               - urlLeaderboard: http://fxgl-top.herokuapp.com/
01:29:39.488 [JavaFX Application Thread] DEBUG Engine               - saveDir: saves/
01:29:39.488 [JavaFX Application Thread] DEBUG Engine               - engineServices: [class com.almasb.fxgl.audio.AudioPlayer, class com.almasb.fxgl.notification.impl.NotificationServiceProvider, class com.almasb.fxgl.achievement.AchievementManager]
01:29:39.488 [JavaFX Application Thread] DEBUG Engine               - width: 740
01:29:39.488 [JavaFX Application Thread] DEBUG Engine               - saveFileExt: .sav
01:29:39.488 [JavaFX Application Thread] DEBUG Engine               - fontUI: VarelaRound-Regular.ttf
01:29:39.489 [JavaFX Application Thread] DEBUG Engine               - enabledMenuItems: []
01:29:39.509 [JavaFX Application Thread] INFO  Engine               - FXGL initialization took: 1.426 sec
01:29:39.510 [JavaFX Application Thread] DEBUG LoopRunner           - Starting loop
01:29:39.520 [JavaFX Application Thread] DEBUG StartupScene         - STARTUP
01:29:39.520 [JavaFX Application Thread] DEBUG Engine               - Starting new game
01:29:39.520 [JavaFX Application Thread] DEBUG AssetLoader          - Loading from disk: /assets/ui/css/fxgl_dark.css
01:29:39.522 [JavaFX Application Thread] DEBUG Input                - Clearing active input actions
01:29:39.540 [JavaFX Application Thread] DEBUG MainWindow           - StartupScene -> LoadingScene
01:29:39.560 [JavaFX Application Thread] DEBUG Engine               - Removing overlay from StartupScene and adding to LoadingScene
01:29:39.560 [FXGL Background Thread 1 ] DEBUG InitAppTask          - Clearing previous game
01:29:39.565 [FXGL Background Thread 1 ] DEBUG GameWorld            - Clearing game world
01:29:39.565 [FXGL Background Thread 1 ] DEBUG PhysicsWorld         - Clearing physics world
01:29:39.565 [FXGL Background Thread 1 ] DEBUG GameScene            - Clearing game scene
01:29:39.565 [FXGL Background Thread 1 ] DEBUG InitAppTask          - Initializing Game
01:29:39.589 [FXGL Background Thread 1 ] DEBUG AssetLoader          - Loading from disk: /assets/textures/background.png
01:29:39.655 [FXGL Background Thread 1 ] DEBUG AssetLoader          - Loading from disk: /assets/textures/Untitled-4.png
01:29:39.658 [FXGL Background Thread 1 ] DEBUG InitAppTask          - Initializing Physics
01:29:39.658 [FXGL Background Thread 1 ] DEBUG InitAppTask          - Initializing UI
01:29:39.659 [FXGL Background Thread 1 ] DEBUG InitAppTask          - Initialization Complete
01:29:39.659 [FXGL Background Thread 1 ] INFO  InitAppTask          - Game initialization took: 0.099 sec
01:29:39.775 [JavaFX Application Thread] DEBUG AssetLoader          - Loading from disk: /assets/ui/css/fxgl_dark.css
01:29:39.776 [JavaFX Application Thread] DEBUG Input                - Clearing active input actions
01:29:39.788 [JavaFX Application Thread] DEBUG MainWindow           - LoadingScene -> GameScene
01:29:39.788 [JavaFX Application Thread] DEBUG Engine               - Removing overlay from LoadingScene and adding to GameScene
01:31:19.663 [JavaFX Application Thread] DEBUG Engine               - Exiting FXGL
01:31:19.663 [JavaFX Application Thread] DEBUG Engine               - Shutting down background threads
01:31:19.664 [JavaFX Application Thread] DEBUG Engine               - Saving FXGL system data
01:31:19.666 [JavaFX Application Thread] DEBUG MobileFSService      - Writing to: C:\Users\Gadgeats Technology\Documents\IdeaProjects\system\fxgl.bundle
01:31:19.669 [JavaFX Application Thread] DEBUG Engine               - Closing logger and exiting JavaFX
