14:10:56.361 [main                     ] DEBUG GameApplication      - Logger initialized
14:10:56.381 [main                     ] DEBUG GameApplication      - Logging settings
Title: What Goes UP
Version: 0.0
Width: 1480
Height: 800
Fullscreen: false
Intro: false
Menus: false
Profiling: false
Single step:false
App Mode: DEVELOPER
Menu Key: ESCAPE
Stage Style: DECORATED
Scene Factory: class com.almasb.fxgl.app.SceneFactory
Dialog Factory: class com.almasb.fxgl.ui.FXGLDialogFactory
UI Factory: class com.almasb.fxgl.ui.FXGLUIFactory

14:10:57.074 [JavaFX Application Thread] DEBUG Engine               - Initializing FXGL
14:10:57.084 [JavaFX Application Thread] INFO  Engine               - FXGL-11.2-beta on DESKTOP
14:10:57.085 [JavaFX Application Thread] INFO  Engine               - Source code and latest versions at: https://github.com/AlmasB/FXGL
14:10:57.085 [JavaFX Application Thread] INFO  Engine               -              Join the FXGL chat at: https://gitter.im/AlmasB/FXGL
14:10:57.090 [JavaFX Application Thread] DEBUG Engine               - Adding new engine service: class com.almasb.fxgl.audio.AudioPlayer
14:10:57.092 [JavaFX Application Thread] DEBUG Engine               - Adding new engine service: class com.almasb.fxgl.notification.impl.NotificationServiceProvider
14:10:57.093 [JavaFX Application Thread] DEBUG Engine               - Adding new engine service: class com.almasb.fxgl.achievement.AchievementManager
14:10:57.094 [JavaFX Application Thread] DEBUG Engine               - Adding new engine service: class com.almasb.fxgl.dev.DevService
14:10:57.119 [JavaFX Application Thread] DEBUG SaveLoadManager      - Checking profiles dir: profiles/
14:10:57.123 [JavaFX Application Thread] DEBUG FS                   - Loaded MobileFSService
14:10:57.123 [JavaFX Application Thread] DEBUG Engine               - Loading localizations
14:10:57.136 [JavaFX Application Thread] DEBUG AssetLoader          - Loading from disk: /assets/properties/languages/english.properties
14:10:57.141 [JavaFX Application Thread] DEBUG AssetLoader          - Loading from disk: /assets/properties/languages/french.properties
14:10:57.143 [JavaFX Application Thread] DEBUG AssetLoader          - Loading from disk: /assets/properties/languages/german.properties
14:10:57.146 [JavaFX Application Thread] DEBUG AssetLoader          - Loading from disk: /assets/properties/languages/russian.properties
14:10:57.148 [JavaFX Application Thread] DEBUG AssetLoader          - Loading from disk: /assets/properties/languages/hungarian.properties
14:10:57.152 [JavaFX Application Thread] DEBUG Engine               - Registering font factories
14:10:57.153 [JavaFX Application Thread] DEBUG AssetLoader          - Loading from disk: /assets/ui/fonts/VarelaRound-Regular.ttf
14:10:57.468 [JavaFX Application Thread] DEBUG AssetLoader          - Loading from disk: /assets/ui/fonts/Abel-Regular.ttf
14:10:57.481 [JavaFX Application Thread] DEBUG AssetLoader          - Loading from disk: /assets/ui/fonts/lucida_console.ttf
14:10:57.500 [JavaFX Application Thread] DEBUG AssetLoader          - Loading from disk: /assets/ui/fonts/Courier-Prime.ttf
14:10:57.514 [JavaFX Application Thread] DEBUG Engine               - Setting UI factory
14:10:57.646 [JavaFX Application Thread] DEBUG AssetLoader          - Loading from disk: /assets/ui/cursors/fxgl_default.png
14:10:57.775 [JavaFX Application Thread] DEBUG MainWindow           - Creating a JavaFX scene
14:10:57.871 [JavaFX Application Thread] DEBUG MainWindow           - Target settings size: 1480.0 x 800.0
14:10:57.871 [JavaFX Application Thread] DEBUG MainWindow           - Scaled scene size:    1480.0 x 800.0
14:10:57.871 [JavaFX Application Thread] DEBUG MainWindow           - Scaled ratio: (1.0, 1.0)
14:10:57.873 [JavaFX Application Thread] DEBUG AssetLoader          - Loading from disk: /assets/ui/css/fxgl_dark.css
14:10:57.874 [JavaFX Application Thread] DEBUG Input                - Clearing active input actions
14:10:57.874 [JavaFX Application Thread] DEBUG MainWindow           - StartupScene -> StartupScene
14:10:57.878 [JavaFX Application Thread] DEBUG AssetLoader          - Loading from disk: /assets/textures/fxgl_icon.png
14:10:57.929 [JavaFX Application Thread] DEBUG MainWindow           - Opening main window
14:10:58.214 [JavaFX Application Thread] DEBUG MainWindow           - Window border size: (14.4000244140625, 37.5999755859375)
14:10:58.215 [JavaFX Application Thread] DEBUG MainWindow           - Scaled size: 1480.0 x 800.0
14:10:58.215 [JavaFX Application Thread] DEBUG MainWindow           - Scaled ratio: (1.0, 1.0)
14:10:58.215 [JavaFX Application Thread] DEBUG MainWindow           - Scene size: 1480.0 x 800.0
14:10:58.215 [JavaFX Application Thread] DEBUG MainWindow           - Stage size: 1494.4000244140625 x 837.5999755859375
14:10:58.270 [FXGL Background Thread 1 ] DEBUG Engine               - Loading FXGL system data
14:10:58.277 [FXGL Background Thread 1 ] DEBUG MobileFSService      - Reading from: C:\Users\Gadgeats Technology\Documents\IdeaProjects\system\fxgl.bundle
14:10:58.296 [FXGL Background Thread 1 ] DEBUG Engine               - Bundle FXGL: {}
14:10:58.297 [FXGL Background Thread 1 ] DEBUG Engine               - Initializing application scenes
14:10:58.301 [FXGL Background Thread 1 ] DEBUG AssetLoader          - Loading from disk: /assets/ui/cursors/fxgl_default.png
14:10:58.332 [FXGL Background Thread 1 ] DEBUG GameWorld            - Game world initialized
14:10:58.481 [FXGL Background Thread 1 ] DEBUG PhysicsWorld         - Physics world initialized: appHeight=800, physics.ppm=50.0
14:10:58.482 [FXGL Background Thread 1 ] DEBUG AssetLoader          - Loading from disk: /assets/ui/cursors/fxgl_default.png
14:10:58.487 [FXGL Background Thread 1 ] DEBUG GameScene            - Game scene initialized: 1480x800
14:10:58.549 [FXGL Background Thread 1 ] DEBUG Input                - Registered new binding: Pause - Esc
14:10:58.549 [FXGL Background Thread 1 ] DEBUG Engine               - Application scenes initialized
14:10:58.555 [JavaFX Application Thread] DEBUG Engine               - Running preInit()
14:10:58.557 [JavaFX Application Thread] DEBUG Input                - Registered new binding: Screenshot - P
14:10:58.558 [JavaFX Application Thread] DEBUG Input                - Registered new binding: Dev Options - 1
14:10:58.559 [JavaFX Application Thread] DEBUG Input                - Registered new binding: System info dump - CTRL+9
14:10:58.559 [JavaFX Application Thread] DEBUG Input                - Registered new binding: Restart - CTRL+R
14:10:58.560 [JavaFX Application Thread] DEBUG Engine               - generateDefaultProfile()
14:10:58.560 [JavaFX Application Thread] DEBUG Engine               - Creating default profile
14:10:58.561 [JavaFX Application Thread] DEBUG EventBus             - Firing event: SaveEvent
14:10:58.576 [JavaFX Application Thread] DEBUG Engine               - Logging environment variables
14:10:58.576 [JavaFX Application Thread] DEBUG Engine               - achievementStores: []
14:10:58.576 [JavaFX Application Thread] DEBUG Engine               - cSS: fxgl_dark.css
14:10:58.577 [JavaFX Application Thread] DEBUG Engine               - language: ObjectProperty [value: ENGLISH]
14:10:58.577 [JavaFX Application Thread] DEBUG Engine               - isCloseConfirmation: false
14:10:58.577 [JavaFX Application Thread] DEBUG Engine               - isProfilingEnabled: false
14:10:58.577 [JavaFX Application Thread] DEBUG Engine               - soundNotification: core/notification.wav
14:10:58.577 [JavaFX Application Thread] DEBUG Engine               - pixelsPerMeter: 50.0
14:10:58.578 [JavaFX Application Thread] DEBUG Engine               - overlayRoot: Group@2155571d
14:10:58.578 [JavaFX Application Thread] DEBUG Engine               - appIcon: fxgl_icon.png
14:10:58.578 [JavaFX Application Thread] DEBUG Engine               - soundMenuBack: menu/back.wav
14:10:58.578 [JavaFX Application Thread] DEBUG Engine               - isFullScreenAllowed: false
14:10:58.578 [JavaFX Application Thread] DEBUG Engine               - isIntroEnabled: false
14:10:58.578 [JavaFX Application Thread] DEBUG Engine               - fontMono: lucida_console.ttf
14:10:58.578 [JavaFX Application Thread] DEBUG Engine               - soundMenuSelect: menu/select.wav
14:10:58.579 [JavaFX Application Thread] DEBUG Engine               - height: 800
14:10:58.579 [JavaFX Application Thread] DEBUG Engine               - isSingleStep: false
14:10:58.579 [JavaFX Application Thread] DEBUG Engine               - fontGame: Abel-Regular.ttf
14:10:58.579 [JavaFX Application Thread] DEBUG Engine               - menuKey: ESCAPE
14:10:58.579 [JavaFX Application Thread] DEBUG Engine               - versionCheckDays: 7
14:10:58.579 [JavaFX Application Thread] DEBUG Engine               - masterTimer: com.almasb.fxgl.time.Timer@25712fb8
14:10:58.580 [JavaFX Application Thread] DEBUG Engine               - configClass: Optional.empty
14:10:58.580 [JavaFX Application Thread] DEBUG Engine               - version: 0.0
14:10:58.580 [JavaFX Application Thread] DEBUG Engine               - fullScreen: BooleanProperty [value: false]
14:10:58.580 [JavaFX Application Thread] DEBUG Engine               - dialogFactory: com.almasb.fxgl.ui.FXGLDialogFactory@4353d793
14:10:58.580 [JavaFX Application Thread] DEBUG Engine               - applicationMode: DEVELOPER
14:10:58.580 [JavaFX Application Thread] DEBUG Engine               - urlGoogleForms: https://goo.gl/forms/6wrMnOBxTE1fEpOy2
14:10:58.580 [JavaFX Application Thread] DEBUG Engine               - isMenuEnabled: false
14:10:58.581 [JavaFX Application Thread] DEBUG Engine               - urlPOM: https://raw.githubusercontent.com/AlmasB/FXGL/master/pom.xml
14:10:58.581 [JavaFX Application Thread] DEBUG Engine               - profileName: user.profile
14:10:58.581 [JavaFX Application Thread] DEBUG Engine               - notificationViewClass: class com.almasb.fxgl.notification.view.XboxNotificationView
14:10:58.581 [JavaFX Application Thread] DEBUG Engine               - sceneFactory: com.almasb.fxgl.app.SceneFactory@4d88b16d
14:10:58.581 [JavaFX Application Thread] DEBUG Engine               - dataFileExt: .dat
14:10:58.581 [JavaFX Application Thread] DEBUG Engine               - stageStyle: DECORATED
14:10:58.581 [JavaFX Application Thread] DEBUG Engine               - isManualResizeEnabled: false
14:10:58.582 [JavaFX Application Thread] DEBUG Engine               - title: What Goes UP
14:10:58.582 [JavaFX Application Thread] DEBUG Engine               - credits: []
14:10:58.582 [JavaFX Application Thread] DEBUG Engine               - uIFactory: com.almasb.fxgl.ui.FXGLUIFactory@2e600359
14:10:58.582 [JavaFX Application Thread] DEBUG Engine               - fontText: Courier-Prime.ttf
14:10:58.582 [JavaFX Application Thread] DEBUG Engine               - isExperimentalTiledLargeMap: false
14:10:58.582 [JavaFX Application Thread] DEBUG Engine               - secondsIn24h: 60
14:10:58.582 [JavaFX Application Thread] DEBUG Engine               - soundMenuPress: menu/press.wav
14:10:58.583 [JavaFX Application Thread] DEBUG Engine               - urlGithub: https://github.com/AlmasB/FXGL
14:10:58.583 [JavaFX Application Thread] DEBUG Engine               - profileDir: profiles/
14:10:58.583 [JavaFX Application Thread] DEBUG Engine               - urlLeaderboard: http://fxgl-top.herokuapp.com/
14:10:58.583 [JavaFX Application Thread] DEBUG Engine               - saveDir: saves/
14:10:58.583 [JavaFX Application Thread] DEBUG Engine               - engineServices: [class com.almasb.fxgl.audio.AudioPlayer, class com.almasb.fxgl.notification.impl.NotificationServiceProvider, class com.almasb.fxgl.achievement.AchievementManager]
14:10:58.583 [JavaFX Application Thread] DEBUG Engine               - width: 1480
14:10:58.583 [JavaFX Application Thread] DEBUG Engine               - saveFileExt: .sav
14:10:58.583 [JavaFX Application Thread] DEBUG Engine               - fontUI: VarelaRound-Regular.ttf
14:10:58.584 [JavaFX Application Thread] DEBUG Engine               - enabledMenuItems: []
14:10:58.604 [JavaFX Application Thread] INFO  Engine               - FXGL initialization took: 1.480 sec
14:10:58.604 [JavaFX Application Thread] DEBUG LoopRunner           - Starting loop
14:10:58.613 [JavaFX Application Thread] DEBUG StartupScene         - STARTUP
14:10:58.614 [JavaFX Application Thread] DEBUG Engine               - Starting new game
14:10:58.614 [JavaFX Application Thread] DEBUG AssetLoader          - Loading from disk: /assets/ui/css/fxgl_dark.css
14:10:58.614 [JavaFX Application Thread] DEBUG Input                - Clearing active input actions
14:10:58.636 [JavaFX Application Thread] DEBUG MainWindow           - StartupScene -> LoadingScene
14:10:58.644 [JavaFX Application Thread] DEBUG Engine               - Removing overlay from StartupScene and adding to LoadingScene
14:10:58.646 [FXGL Background Thread 1 ] DEBUG InitAppTask          - Clearing previous game
14:10:58.646 [FXGL Background Thread 1 ] DEBUG GameWorld            - Clearing game world
14:10:58.646 [FXGL Background Thread 1 ] DEBUG PhysicsWorld         - Clearing physics world
14:10:58.646 [FXGL Background Thread 1 ] DEBUG GameScene            - Clearing game scene
14:10:58.647 [FXGL Background Thread 1 ] DEBUG InitAppTask          - Initializing Game
14:10:58.651 [FXGL Background Thread 1 ] DEBUG AssetLoader          - Loading from disk: /assets/textures/background.png
14:10:58.739 [FXGL Background Thread 1 ] DEBUG AssetLoader          - Loading from disk: /assets/textures/Untitled-3.png
14:10:58.743 [FXGL Background Thread 1 ] DEBUG InitAppTask          - Initializing Physics
14:10:58.743 [FXGL Background Thread 1 ] DEBUG InitAppTask          - Initializing UI
14:10:58.744 [FXGL Background Thread 1 ] DEBUG InitAppTask          - Initialization Complete
14:10:58.744 [FXGL Background Thread 1 ] INFO  InitAppTask          - Game initialization took: 0.098 sec
14:10:58.852 [JavaFX Application Thread] DEBUG AssetLoader          - Loading from disk: /assets/ui/css/fxgl_dark.css
14:10:58.853 [JavaFX Application Thread] DEBUG Input                - Clearing active input actions
14:10:58.867 [JavaFX Application Thread] DEBUG MainWindow           - LoadingScene -> GameScene
14:10:58.867 [JavaFX Application Thread] DEBUG Engine               - Removing overlay from LoadingScene and adding to GameScene
14:11:54.220 [JavaFX Application Thread] DEBUG Engine               - Exiting FXGL
14:11:54.220 [JavaFX Application Thread] DEBUG Engine               - Shutting down background threads
14:11:54.221 [JavaFX Application Thread] DEBUG Engine               - Saving FXGL system data
14:11:54.223 [JavaFX Application Thread] DEBUG MobileFSService      - Writing to: C:\Users\Gadgeats Technology\Documents\IdeaProjects\system\fxgl.bundle
14:11:54.227 [JavaFX Application Thread] DEBUG Engine               - Closing logger and exiting JavaFX
