14:10:04.275 [main                     ] DEBUG GameApplication      - Logger initialized
14:10:04.292 [main                     ] DEBUG GameApplication      - Logging settings
Title: What Goes UP
Version: 0.0
Width: 1480
Height: 800
Fullscreen: false
Intro: false
Menus: false
Profiling: false
Single step:false
App Mode: DEVELOPER
Menu Key: ESCAPE
Stage Style: DECORATED
Scene Factory: class com.almasb.fxgl.app.SceneFactory
Dialog Factory: class com.almasb.fxgl.ui.FXGLDialogFactory
UI Factory: class com.almasb.fxgl.ui.FXGLUIFactory

14:10:04.895 [JavaFX Application Thread] DEBUG Engine               - Initializing FXGL
14:10:04.904 [JavaFX Application Thread] INFO  Engine               - FXGL-11.2-beta on DESKTOP
14:10:04.905 [JavaFX Application Thread] INFO  Engine               - Source code and latest versions at: https://github.com/AlmasB/FXGL
14:10:04.905 [JavaFX Application Thread] INFO  Engine               -              Join the FXGL chat at: https://gitter.im/AlmasB/FXGL
14:10:04.910 [JavaFX Application Thread] DEBUG Engine               - Adding new engine service: class com.almasb.fxgl.audio.AudioPlayer
14:10:04.912 [JavaFX Application Thread] DEBUG Engine               - Adding new engine service: class com.almasb.fxgl.notification.impl.NotificationServiceProvider
14:10:04.913 [JavaFX Application Thread] DEBUG Engine               - Adding new engine service: class com.almasb.fxgl.achievement.AchievementManager
14:10:04.915 [JavaFX Application Thread] DEBUG Engine               - Adding new engine service: class com.almasb.fxgl.dev.DevService
14:10:04.939 [JavaFX Application Thread] DEBUG SaveLoadManager      - Checking profiles dir: profiles/
14:10:04.943 [JavaFX Application Thread] DEBUG FS                   - Loaded MobileFSService
14:10:04.943 [JavaFX Application Thread] DEBUG Engine               - Loading localizations
14:10:04.956 [JavaFX Application Thread] DEBUG AssetLoader          - Loading from disk: /assets/properties/languages/english.properties
14:10:04.961 [JavaFX Application Thread] DEBUG AssetLoader          - Loading from disk: /assets/properties/languages/french.properties
14:10:04.963 [JavaFX Application Thread] DEBUG AssetLoader          - Loading from disk: /assets/properties/languages/german.properties
14:10:04.966 [JavaFX Application Thread] DEBUG AssetLoader          - Loading from disk: /assets/properties/languages/russian.properties
14:10:04.968 [JavaFX Application Thread] DEBUG AssetLoader          - Loading from disk: /assets/properties/languages/hungarian.properties
14:10:04.972 [JavaFX Application Thread] DEBUG Engine               - Registering font factories
14:10:04.972 [JavaFX Application Thread] DEBUG AssetLoader          - Loading from disk: /assets/ui/fonts/VarelaRound-Regular.ttf
14:10:05.238 [JavaFX Application Thread] DEBUG AssetLoader          - Loading from disk: /assets/ui/fonts/Abel-Regular.ttf
14:10:05.251 [JavaFX Application Thread] DEBUG AssetLoader          - Loading from disk: /assets/ui/fonts/lucida_console.ttf
14:10:05.271 [JavaFX Application Thread] DEBUG AssetLoader          - Loading from disk: /assets/ui/fonts/Courier-Prime.ttf
14:10:05.283 [JavaFX Application Thread] DEBUG Engine               - Setting UI factory
14:10:05.381 [JavaFX Application Thread] DEBUG AssetLoader          - Loading from disk: /assets/ui/cursors/fxgl_default.png
14:10:05.487 [JavaFX Application Thread] DEBUG MainWindow           - Creating a JavaFX scene
14:10:05.562 [JavaFX Application Thread] DEBUG MainWindow           - Target settings size: 1480.0 x 800.0
14:10:05.563 [JavaFX Application Thread] DEBUG MainWindow           - Scaled scene size:    1480.0 x 800.0
14:10:05.563 [JavaFX Application Thread] DEBUG MainWindow           - Scaled ratio: (1.0, 1.0)
14:10:05.564 [JavaFX Application Thread] DEBUG AssetLoader          - Loading from disk: /assets/ui/css/fxgl_dark.css
14:10:05.566 [JavaFX Application Thread] DEBUG Input                - Clearing active input actions
14:10:05.567 [JavaFX Application Thread] DEBUG MainWindow           - StartupScene -> StartupScene
14:10:05.570 [JavaFX Application Thread] DEBUG AssetLoader          - Loading from disk: /assets/textures/fxgl_icon.png
14:10:05.608 [JavaFX Application Thread] DEBUG MainWindow           - Opening main window
14:10:05.847 [JavaFX Application Thread] DEBUG MainWindow           - Window border size: (14.4000244140625, 37.5999755859375)
14:10:05.847 [JavaFX Application Thread] DEBUG MainWindow           - Scaled size: 1480.0 x 800.0
14:10:05.847 [JavaFX Application Thread] DEBUG MainWindow           - Scaled ratio: (1.0, 1.0)
14:10:05.848 [JavaFX Application Thread] DEBUG MainWindow           - Scene size: 1480.0 x 800.0
14:10:05.848 [JavaFX Application Thread] DEBUG MainWindow           - Stage size: 1494.4000244140625 x 837.5999755859375
14:10:05.914 [FXGL Background Thread 1 ] DEBUG Engine               - Loading FXGL system data
14:10:05.926 [FXGL Background Thread 1 ] DEBUG MobileFSService      - Reading from: C:\Users\Gadgeats Technology\Documents\IdeaProjects\system\fxgl.bundle
14:10:05.940 [FXGL Background Thread 1 ] DEBUG Engine               - Bundle FXGL: {}
14:10:05.940 [FXGL Background Thread 1 ] DEBUG Engine               - Initializing application scenes
14:10:05.943 [FXGL Background Thread 1 ] DEBUG AssetLoader          - Loading from disk: /assets/ui/cursors/fxgl_default.png
14:10:05.962 [FXGL Background Thread 1 ] DEBUG GameWorld            - Game world initialized
14:10:06.085 [FXGL Background Thread 1 ] DEBUG PhysicsWorld         - Physics world initialized: appHeight=800, physics.ppm=50.0
14:10:06.086 [FXGL Background Thread 1 ] DEBUG AssetLoader          - Loading from disk: /assets/ui/cursors/fxgl_default.png
14:10:06.090 [FXGL Background Thread 1 ] DEBUG GameScene            - Game scene initialized: 1480x800
14:10:06.142 [FXGL Background Thread 1 ] DEBUG Input                - Registered new binding: Pause - Esc
14:10:06.142 [FXGL Background Thread 1 ] DEBUG Engine               - Application scenes initialized
14:10:06.146 [JavaFX Application Thread] DEBUG Engine               - Running preInit()
14:10:06.147 [JavaFX Application Thread] DEBUG Input                - Registered new binding: Screenshot - P
14:10:06.148 [JavaFX Application Thread] DEBUG Input                - Registered new binding: Dev Options - 1
14:10:06.149 [JavaFX Application Thread] DEBUG Input                - Registered new binding: System info dump - CTRL+9
14:10:06.150 [JavaFX Application Thread] DEBUG Input                - Registered new binding: Restart - CTRL+R
14:10:06.150 [JavaFX Application Thread] DEBUG Engine               - generateDefaultProfile()
14:10:06.150 [JavaFX Application Thread] DEBUG Engine               - Creating default profile
14:10:06.151 [JavaFX Application Thread] DEBUG EventBus             - Firing event: SaveEvent
14:10:06.164 [JavaFX Application Thread] DEBUG Engine               - Logging environment variables
14:10:06.164 [JavaFX Application Thread] DEBUG Engine               - achievementStores: []
14:10:06.164 [JavaFX Application Thread] DEBUG Engine               - cSS: fxgl_dark.css
14:10:06.164 [JavaFX Application Thread] DEBUG Engine               - language: ObjectProperty [value: ENGLISH]
14:10:06.164 [JavaFX Application Thread] DEBUG Engine               - isCloseConfirmation: false
14:10:06.164 [JavaFX Application Thread] DEBUG Engine               - isProfilingEnabled: false
14:10:06.164 [JavaFX Application Thread] DEBUG Engine               - soundNotification: core/notification.wav
14:10:06.164 [JavaFX Application Thread] DEBUG Engine               - pixelsPerMeter: 50.0
14:10:06.165 [JavaFX Application Thread] DEBUG Engine               - overlayRoot: Group@324ce763
14:10:06.165 [JavaFX Application Thread] DEBUG Engine               - appIcon: fxgl_icon.png
14:10:06.165 [JavaFX Application Thread] DEBUG Engine               - soundMenuBack: menu/back.wav
14:10:06.165 [JavaFX Application Thread] DEBUG Engine               - isFullScreenAllowed: false
14:10:06.165 [JavaFX Application Thread] DEBUG Engine               - isIntroEnabled: false
14:10:06.165 [JavaFX Application Thread] DEBUG Engine               - fontMono: lucida_console.ttf
14:10:06.165 [JavaFX Application Thread] DEBUG Engine               - soundMenuSelect: menu/select.wav
14:10:06.165 [JavaFX Application Thread] DEBUG Engine               - height: 800
14:10:06.166 [JavaFX Application Thread] DEBUG Engine               - isSingleStep: false
14:10:06.166 [JavaFX Application Thread] DEBUG Engine               - fontGame: Abel-Regular.ttf
14:10:06.166 [JavaFX Application Thread] DEBUG Engine               - menuKey: ESCAPE
14:10:06.166 [JavaFX Application Thread] DEBUG Engine               - versionCheckDays: 7
14:10:06.166 [JavaFX Application Thread] DEBUG Engine               - masterTimer: com.almasb.fxgl.time.Timer@2bf54a9
14:10:06.166 [JavaFX Application Thread] DEBUG Engine               - configClass: Optional.empty
14:10:06.166 [JavaFX Application Thread] DEBUG Engine               - version: 0.0
14:10:06.167 [JavaFX Application Thread] DEBUG Engine               - fullScreen: BooleanProperty [value: false]
14:10:06.167 [JavaFX Application Thread] DEBUG Engine               - dialogFactory: com.almasb.fxgl.ui.FXGLDialogFactory@1b45253e
14:10:06.167 [JavaFX Application Thread] DEBUG Engine               - applicationMode: DEVELOPER
14:10:06.167 [JavaFX Application Thread] DEBUG Engine               - urlGoogleForms: https://goo.gl/forms/6wrMnOBxTE1fEpOy2
14:10:06.167 [JavaFX Application Thread] DEBUG Engine               - isMenuEnabled: false
14:10:06.167 [JavaFX Application Thread] DEBUG Engine               - urlPOM: https://raw.githubusercontent.com/AlmasB/FXGL/master/pom.xml
14:10:06.167 [JavaFX Application Thread] DEBUG Engine               - profileName: user.profile
14:10:06.167 [JavaFX Application Thread] DEBUG Engine               - notificationViewClass: class com.almasb.fxgl.notification.view.XboxNotificationView
14:10:06.167 [JavaFX Application Thread] DEBUG Engine               - sceneFactory: com.almasb.fxgl.app.SceneFactory@65f375b9
14:10:06.168 [JavaFX Application Thread] DEBUG Engine               - dataFileExt: .dat
14:10:06.168 [JavaFX Application Thread] DEBUG Engine               - stageStyle: DECORATED
14:10:06.168 [JavaFX Application Thread] DEBUG Engine               - isManualResizeEnabled: false
14:10:06.168 [JavaFX Application Thread] DEBUG Engine               - title: What Goes UP
14:10:06.168 [JavaFX Application Thread] DEBUG Engine               - credits: []
14:10:06.168 [JavaFX Application Thread] DEBUG Engine               - uIFactory: com.almasb.fxgl.ui.FXGLUIFactory@41299e15
14:10:06.168 [JavaFX Application Thread] DEBUG Engine               - fontText: Courier-Prime.ttf
14:10:06.168 [JavaFX Application Thread] DEBUG Engine               - isExperimentalTiledLargeMap: false
14:10:06.168 [JavaFX Application Thread] DEBUG Engine               - secondsIn24h: 60
14:10:06.168 [JavaFX Application Thread] DEBUG Engine               - soundMenuPress: menu/press.wav
14:10:06.169 [JavaFX Application Thread] DEBUG Engine               - urlGithub: https://github.com/AlmasB/FXGL
14:10:06.169 [JavaFX Application Thread] DEBUG Engine               - profileDir: profiles/
14:10:06.169 [JavaFX Application Thread] DEBUG Engine               - urlLeaderboard: http://fxgl-top.herokuapp.com/
14:10:06.169 [JavaFX Application Thread] DEBUG Engine               - saveDir: saves/
14:10:06.169 [JavaFX Application Thread] DEBUG Engine               - engineServices: [class com.almasb.fxgl.audio.AudioPlayer, class com.almasb.fxgl.notification.impl.NotificationServiceProvider, class com.almasb.fxgl.achievement.AchievementManager]
14:10:06.169 [JavaFX Application Thread] DEBUG Engine               - width: 1480
14:10:06.170 [JavaFX Application Thread] DEBUG Engine               - saveFileExt: .sav
14:10:06.170 [JavaFX Application Thread] DEBUG Engine               - fontUI: VarelaRound-Regular.ttf
14:10:06.170 [JavaFX Application Thread] DEBUG Engine               - enabledMenuItems: []
14:10:06.184 [JavaFX Application Thread] INFO  Engine               - FXGL initialization took: 1.240 sec
14:10:06.184 [JavaFX Application Thread] DEBUG LoopRunner           - Starting loop
14:10:06.192 [JavaFX Application Thread] DEBUG StartupScene         - STARTUP
14:10:06.192 [JavaFX Application Thread] DEBUG Engine               - Starting new game
14:10:06.193 [JavaFX Application Thread] DEBUG AssetLoader          - Loading from disk: /assets/ui/css/fxgl_dark.css
14:10:06.193 [JavaFX Application Thread] DEBUG Input                - Clearing active input actions
14:10:06.207 [JavaFX Application Thread] DEBUG MainWindow           - StartupScene -> LoadingScene
14:10:06.214 [JavaFX Application Thread] DEBUG Engine               - Removing overlay from StartupScene and adding to LoadingScene
14:10:06.217 [FXGL Background Thread 1 ] DEBUG InitAppTask          - Clearing previous game
14:10:06.217 [FXGL Background Thread 1 ] DEBUG GameWorld            - Clearing game world
14:10:06.217 [FXGL Background Thread 1 ] DEBUG PhysicsWorld         - Clearing physics world
14:10:06.217 [FXGL Background Thread 1 ] DEBUG GameScene            - Clearing game scene
14:10:06.218 [FXGL Background Thread 1 ] DEBUG InitAppTask          - Initializing Game
14:10:06.220 [FXGL Background Thread 1 ] DEBUG AssetLoader          - Loading from disk: /assets/textures/background.png
14:10:06.348 [FXGL Background Thread 1 ] DEBUG AssetLoader          - Loading from disk: /assets/textures/Untitled-3.png
14:10:06.352 [FXGL Background Thread 1 ] DEBUG InitAppTask          - Initializing Physics
14:10:06.352 [FXGL Background Thread 1 ] DEBUG InitAppTask          - Initializing UI
14:10:06.352 [FXGL Background Thread 1 ] DEBUG InitAppTask          - Initialization Complete
14:10:06.352 [FXGL Background Thread 1 ] INFO  InitAppTask          - Game initialization took: 0.135 sec
14:10:06.393 [JavaFX Application Thread] DEBUG AssetLoader          - Loading from disk: /assets/ui/css/fxgl_dark.css
14:10:06.394 [JavaFX Application Thread] DEBUG Input                - Clearing active input actions
14:10:06.406 [JavaFX Application Thread] DEBUG MainWindow           - LoadingScene -> GameScene
14:10:06.406 [JavaFX Application Thread] DEBUG Engine               - Removing overlay from LoadingScene and adding to GameScene
14:10:22.111 [JavaFX Application Thread] DEBUG Engine               - Exiting FXGL
14:10:22.111 [JavaFX Application Thread] DEBUG Engine               - Shutting down background threads
14:10:22.111 [JavaFX Application Thread] DEBUG Engine               - Saving FXGL system data
14:10:22.113 [JavaFX Application Thread] DEBUG MobileFSService      - Writing to: C:\Users\Gadgeats Technology\Documents\IdeaProjects\system\fxgl.bundle
14:10:22.116 [JavaFX Application Thread] DEBUG Engine               - Closing logger and exiting JavaFX
